{"/Users/ammartaeha/Desktop/CSC 190/JM-Comfort/server/app.js": {"path":"/Users/ammartaeha/Desktop/CSC 190/JM-Comfort/server/app.js","statementMap":{"0":{"start":{"line":1,"column":16},"end":{"line":1,"column":34}},"1":{"start":{"line":2,"column":13},"end":{"line":2,"column":28}},"2":{"start":{"line":3,"column":13},"end":{"line":3,"column":28}},"3":{"start":{"line":4,"column":0},"end":{"line":4,"column":71}},"4":{"start":{"line":7,"column":24},"end":{"line":7,"column":55}},"5":{"start":{"line":9,"column":0},"end":{"line":11,"column":1}},"6":{"start":{"line":10,"column":2},"end":{"line":10,"column":16}},"7":{"start":{"line":13,"column":23},"end":{"line":13,"column":49}},"8":{"start":{"line":14,"column":15},"end":{"line":14,"column":41}},"9":{"start":{"line":15,"column":22},"end":{"line":15,"column":59}},"10":{"start":{"line":16,"column":22},"end":{"line":16,"column":59}},"11":{"start":{"line":18,"column":26},"end":{"line":18,"column":58}},"12":{"start":{"line":19,"column":22},"end":{"line":19,"column":50}},"13":{"start":{"line":20,"column":22},"end":{"line":20,"column":50}},"14":{"start":{"line":21,"column":20},"end":{"line":21,"column":45}},"15":{"start":{"line":22,"column":22},"end":{"line":22,"column":49}},"16":{"start":{"line":23,"column":25},"end":{"line":23,"column":55}},"17":{"start":{"line":24,"column":24},"end":{"line":24,"column":53}},"18":{"start":{"line":25,"column":23},"end":{"line":25,"column":51}},"19":{"start":{"line":26,"column":25},"end":{"line":26,"column":55}},"20":{"start":{"line":27,"column":31},"end":{"line":27,"column":67}},"21":{"start":{"line":29,"column":12},"end":{"line":29,"column":21}},"22":{"start":{"line":30,"column":18},"end":{"line":30,"column":28}},"23":{"start":{"line":35,"column":0},"end":{"line":35,"column":16}},"24":{"start":{"line":36,"column":0},"end":{"line":36,"column":24}},"25":{"start":{"line":37,"column":0},"end":{"line":37,"column":48}},"26":{"start":{"line":38,"column":0},"end":{"line":38,"column":23}},"27":{"start":{"line":39,"column":0},"end":{"line":39,"column":23}},"28":{"start":{"line":44,"column":0},"end":{"line":44,"column":48}},"29":{"start":{"line":45,"column":0},"end":{"line":45,"column":40}},"30":{"start":{"line":46,"column":0},"end":{"line":46,"column":40}},"31":{"start":{"line":47,"column":0},"end":{"line":47,"column":35}},"32":{"start":{"line":48,"column":0},"end":{"line":48,"column":39}},"33":{"start":{"line":49,"column":0},"end":{"line":49,"column":41}},"34":{"start":{"line":50,"column":0},"end":{"line":50,"column":49}},"35":{"start":{"line":51,"column":0},"end":{"line":51,"column":41}},"36":{"start":{"line":52,"column":0},"end":{"line":52,"column":40}},"37":{"start":{"line":53,"column":0},"end":{"line":53,"column":58}},"38":{"start":{"line":58,"column":0},"end":{"line":79,"column":3}},"39":{"start":{"line":59,"column":24},"end":{"line":59,"column":67}},"40":{"start":{"line":60,"column":15},"end":{"line":60,"column":48}},"41":{"start":{"line":61,"column":16},"end":{"line":61,"column":58}},"42":{"start":{"line":62,"column":18},"end":{"line":62,"column":57}},"43":{"start":{"line":63,"column":18},"end":{"line":63,"column":36}},"44":{"start":{"line":65,"column":2},"end":{"line":78,"column":5}},"45":{"start":{"line":84,"column":0},"end":{"line":106,"column":3}},"46":{"start":{"line":85,"column":13},"end":{"line":85,"column":26}},"47":{"start":{"line":86,"column":18},"end":{"line":86,"column":46}},"48":{"start":{"line":87,"column":15},"end":{"line":87,"column":40}},"49":{"start":{"line":88,"column":16},"end":{"line":88,"column":54}},"50":{"start":{"line":89,"column":19},"end":{"line":89,"column":41}},"51":{"start":{"line":90,"column":19},"end":{"line":90,"column":47}},"52":{"start":{"line":92,"column":2},"end":{"line":94,"column":3}},"53":{"start":{"line":93,"column":4},"end":{"line":93,"column":76}},"54":{"start":{"line":96,"column":18},"end":{"line":96,"column":52}},"55":{"start":{"line":97,"column":18},"end":{"line":103,"column":6}},"56":{"start":{"line":101,"column":6},"end":{"line":102,"column":37}},"57":{"start":{"line":101,"column":12},"end":{"line":101,"column":36}},"58":{"start":{"line":102,"column":14},"end":{"line":102,"column":35}},"59":{"start":{"line":105,"column":2},"end":{"line":105,"column":66}},"60":{"start":{"line":111,"column":0},"end":{"line":111,"column":16}},"61":{"start":{"line":116,"column":0},"end":{"line":130,"column":3}},"62":{"start":{"line":117,"column":2},"end":{"line":123,"column":5}},"63":{"start":{"line":125,"column":2},"end":{"line":129,"column":5}},"64":{"start":{"line":132,"column":0},"end":{"line":132,"column":21}}},"fnMap":{"0":{"name":"(anonymous_0)","decl":{"start":{"line":58,"column":19},"end":{"line":58,"column":20}},"loc":{"start":{"line":58,"column":33},"end":{"line":79,"column":1}},"line":58},"1":{"name":"(anonymous_1)","decl":{"start":{"line":84,"column":27},"end":{"line":84,"column":28}},"loc":{"start":{"line":84,"column":41},"end":{"line":106,"column":1}},"line":84},"2":{"name":"(anonymous_2)","decl":{"start":{"line":100,"column":9},"end":{"line":100,"column":10}},"loc":{"start":{"line":100,"column":19},"end":{"line":103,"column":5}},"line":100},"3":{"name":"(anonymous_3)","decl":{"start":{"line":116,"column":8},"end":{"line":116,"column":9}},"loc":{"start":{"line":116,"column":33},"end":{"line":130,"column":1}},"line":116}},"branchMap":{"0":{"loc":{"start":{"line":9,"column":0},"end":{"line":11,"column":1}},"type":"if","locations":[{"start":{"line":9,"column":0},"end":{"line":11,"column":1}},{"start":{},"end":{}}],"line":9},"1":{"loc":{"start":{"line":77,"column":17},"end":{"line":77,"column":54}},"type":"binary-expr","locations":[{"start":{"line":77,"column":17},"end":{"line":77,"column":37}},{"start":{"line":77,"column":41},"end":{"line":77,"column":54}}],"line":77},"2":{"loc":{"start":{"line":87,"column":15},"end":{"line":87,"column":40}},"type":"binary-expr","locations":[{"start":{"line":87,"column":15},"end":{"line":87,"column":29}},{"start":{"line":87,"column":33},"end":{"line":87,"column":40}}],"line":87},"3":{"loc":{"start":{"line":92,"column":2},"end":{"line":94,"column":3}},"type":"if","locations":[{"start":{"line":92,"column":2},"end":{"line":94,"column":3}},{"start":{},"end":{}}],"line":92},"4":{"loc":{"start":{"line":122,"column":16},"end":{"line":122,"column":33}},"type":"binary-expr","locations":[{"start":{"line":122,"column":16},"end":{"line":122,"column":26}},{"start":{"line":122,"column":30},"end":{"line":122,"column":33}}],"line":122},"5":{"loc":{"start":{"line":125,"column":13},"end":{"line":125,"column":30}},"type":"binary-expr","locations":[{"start":{"line":125,"column":13},"end":{"line":125,"column":23}},{"start":{"line":125,"column":27},"end":{"line":125,"column":30}}],"line":125},"6":{"loc":{"start":{"line":126,"column":13},"end":{"line":128,"column":19}},"type":"cond-expr","locations":[{"start":{"line":127,"column":8},"end":{"line":127,"column":30}},{"start":{"line":128,"column":8},"end":{"line":128,"column":19}}],"line":126}},"s":{"0":1,"1":1,"2":1,"3":1,"4":1,"5":1,"6":0,"7":1,"8":1,"9":1,"10":1,"11":1,"12":1,"13":1,"14":1,"15":1,"16":1,"17":1,"18":1,"19":1,"20":1,"21":1,"22":1,"23":1,"24":1,"25":1,"26":1,"27":1,"28":1,"29":1,"30":1,"31":1,"32":1,"33":1,"34":1,"35":1,"36":1,"37":1,"38":1,"39":0,"40":0,"41":0,"42":0,"43":0,"44":0,"45":1,"46":0,"47":0,"48":0,"49":0,"50":0,"51":0,"52":0,"53":0,"54":0,"55":0,"56":0,"57":0,"58":0,"59":0,"60":1,"61":1,"62":0,"63":0,"64":1},"f":{"0":0,"1":0,"2":0,"3":0},"b":{"0":[0,1],"1":[0,0],"2":[0,0],"3":[0,0],"4":[0,0],"5":[0,0],"6":[0,0]},"_coverageSchema":"1a1c01bbd47fc00a2c39e90264f33305004495a9","hash":"76eaa0ed5c572362255aa495fc5509427c0e8853"}
,"/Users/ammartaeha/Desktop/CSC 190/JM-Comfort/server/config/database.js": {"path":"/Users/ammartaeha/Desktop/CSC 190/JM-Comfort/server/config/database.js","statementMap":{"0":{"start":{"line":1,"column":14},"end":{"line":1,"column":39}},"1":{"start":{"line":2,"column":0},"end":{"line":2,"column":27}},"2":{"start":{"line":4,"column":13},"end":{"line":12,"column":2}},"3":{"start":{"line":14,"column":0},"end":{"line":14,"column":22}}},"fnMap":{},"branchMap":{"0":{"loc":{"start":{"line":5,"column":8},"end":{"line":5,"column":42}},"type":"binary-expr","locations":[{"start":{"line":5,"column":8},"end":{"line":5,"column":27}},{"start":{"line":5,"column":31},"end":{"line":5,"column":42}}],"line":5},"1":{"loc":{"start":{"line":6,"column":8},"end":{"line":6,"column":37}},"type":"binary-expr","locations":[{"start":{"line":6,"column":8},"end":{"line":6,"column":27}},{"start":{"line":6,"column":31},"end":{"line":6,"column":37}}],"line":6},"2":{"loc":{"start":{"line":7,"column":12},"end":{"line":7,"column":64}},"type":"binary-expr","locations":[{"start":{"line":7,"column":12},"end":{"line":7,"column":31}},{"start":{"line":7,"column":35},"end":{"line":7,"column":58}},{"start":{"line":7,"column":62},"end":{"line":7,"column":64}}],"line":7},"3":{"loc":{"start":{"line":8,"column":12},"end":{"line":8,"column":47}},"type":"binary-expr","locations":[{"start":{"line":8,"column":12},"end":{"line":8,"column":31}},{"start":{"line":8,"column":35},"end":{"line":8,"column":47}}],"line":8}},"s":{"0":2,"1":2,"2":2,"3":2},"f":{},"b":{"0":[2,1],"1":[2,1],"2":[2,2,2],"3":[2,1]},"_coverageSchema":"1a1c01bbd47fc00a2c39e90264f33305004495a9","hash":"8be54cd8fa6e1eca4f3a0050a850a9e39f591027"}
,"/Users/ammartaeha/Desktop/CSC 190/JM-Comfort/server/config/db.js": {"path":"/Users/ammartaeha/Desktop/CSC 190/JM-Comfort/server/config/db.js","statementMap":{"0":{"start":{"line":1,"column":14},"end":{"line":1,"column":39}},"1":{"start":{"line":3,"column":13},"end":{"line":12,"column":2}},"2":{"start":{"line":14,"column":0},"end":{"line":14,"column":22}}},"fnMap":{},"branchMap":{"0":{"loc":{"start":{"line":5,"column":8},"end":{"line":5,"column":35}},"type":"binary-expr","locations":[{"start":{"line":5,"column":8},"end":{"line":5,"column":27}},{"start":{"line":5,"column":31},"end":{"line":5,"column":35}}],"line":5}},"s":{"0":1,"1":1,"2":1},"f":{},"b":{"0":[1,1]},"_coverageSchema":"1a1c01bbd47fc00a2c39e90264f33305004495a9","hash":"36478a569a6767a69526de299a568749957bcfc9"}
,"/Users/ammartaeha/Desktop/CSC 190/JM-Comfort/server/config/logger.js": {"path":"/Users/ammartaeha/Desktop/CSC 190/JM-Comfort/server/config/logger.js","statementMap":{"0":{"start":{"line":1,"column":16},"end":{"line":1,"column":34}},"1":{"start":{"line":2,"column":13},"end":{"line":2,"column":28}},"2":{"start":{"line":3,"column":0},"end":{"line":3,"column":37}},"3":{"start":{"line":5,"column":16},"end":{"line":5,"column":50}},"4":{"start":{"line":7,"column":15},"end":{"line":32,"column":2}},"5":{"start":{"line":35,"column":0},"end":{"line":45,"column":1}},"6":{"start":{"line":36,"column":2},"end":{"line":44,"column":6}},"7":{"start":{"line":40,"column":24},"end":{"line":40,"column":85}},"8":{"start":{"line":41,"column":8},"end":{"line":41,"column":63}},"9":{"start":{"line":47,"column":0},"end":{"line":47,"column":24}}},"fnMap":{"0":{"name":"(anonymous_0)","decl":{"start":{"line":39,"column":28},"end":{"line":39,"column":29}},"loc":{"start":{"line":39,"column":81},"end":{"line":42,"column":7}},"line":39}},"branchMap":{"0":{"loc":{"start":{"line":8,"column":9},"end":{"line":8,"column":40}},"type":"binary-expr","locations":[{"start":{"line":8,"column":9},"end":{"line":8,"column":30}},{"start":{"line":8,"column":34},"end":{"line":8,"column":40}}],"line":8},"1":{"loc":{"start":{"line":35,"column":0},"end":{"line":45,"column":1}},"type":"if","locations":[{"start":{"line":35,"column":0},"end":{"line":45,"column":1}},{"start":{},"end":{}}],"line":35},"2":{"loc":{"start":{"line":40,"column":24},"end":{"line":40,"column":85}},"type":"cond-expr","locations":[{"start":{"line":40,"column":51},"end":{"line":40,"column":80}},{"start":{"line":40,"column":83},"end":{"line":40,"column":85}}],"line":40}},"s":{"0":1,"1":1,"2":1,"3":1,"4":1,"5":1,"6":1,"7":2,"8":2,"9":1},"f":{"0":2},"b":{"0":[1,1],"1":[1,0],"2":[2,0]},"_coverageSchema":"1a1c01bbd47fc00a2c39e90264f33305004495a9","hash":"e330f293a4674bc0f39bf45a2a86b2fa82dbdfd3"}
,"/Users/ammartaeha/Desktop/CSC 190/JM-Comfort/server/config/s3.js": {"path":"/Users/ammartaeha/Desktop/CSC 190/JM-Comfort/server/config/s3.js","statementMap":{"0":{"start":{"line":1,"column":60},"end":{"line":1,"column":89}},"1":{"start":{"line":3,"column":17},"end":{"line":9,"column":2}},"2":{"start":{"line":11,"column":20},"end":{"line":11,"column":46}},"3":{"start":{"line":13,"column":0},"end":{"line":13,"column":82}}},"fnMap":{},"branchMap":{"0":{"loc":{"start":{"line":4,"column":10},"end":{"line":4,"column":47}},"type":"binary-expr","locations":[{"start":{"line":4,"column":10},"end":{"line":4,"column":32}},{"start":{"line":4,"column":36},"end":{"line":4,"column":47}}],"line":4}},"s":{"0":1,"1":1,"2":1,"3":1},"f":{},"b":{"0":[1,1]},"_coverageSchema":"1a1c01bbd47fc00a2c39e90264f33305004495a9","hash":"19d7007b9ddf75e5a5e255a8dfcbf47b901004a0"}
,"/Users/ammartaeha/Desktop/CSC 190/JM-Comfort/server/config/sentry.js": {"path":"/Users/ammartaeha/Desktop/CSC 190/JM-Comfort/server/config/sentry.js","statementMap":{"0":{"start":{"line":1,"column":15},"end":{"line":1,"column":38}},"1":{"start":{"line":4,"column":14},"end":{"line":4,"column":36}},"2":{"start":{"line":6,"column":2},"end":{"line":9,"column":3}},"3":{"start":{"line":7,"column":4},"end":{"line":7,"column":66}},"4":{"start":{"line":8,"column":4},"end":{"line":8,"column":11}},"5":{"start":{"line":11,"column":2},"end":{"line":16,"column":5}},"6":{"start":{"line":18,"column":2},"end":{"line":18,"column":39}},"7":{"start":{"line":21,"column":0},"end":{"line":21,"column":32}}},"fnMap":{"0":{"name":"initSentry","decl":{"start":{"line":3,"column":9},"end":{"line":3,"column":19}},"loc":{"start":{"line":3,"column":25},"end":{"line":19,"column":1}},"line":3}},"branchMap":{"0":{"loc":{"start":{"line":6,"column":2},"end":{"line":9,"column":3}},"type":"if","locations":[{"start":{"line":6,"column":2},"end":{"line":9,"column":3}},{"start":{},"end":{}}],"line":6},"1":{"loc":{"start":{"line":13,"column":17},"end":{"line":13,"column":88}},"type":"binary-expr","locations":[{"start":{"line":13,"column":17},"end":{"line":13,"column":47}},{"start":{"line":13,"column":51},"end":{"line":13,"column":71}},{"start":{"line":13,"column":75},"end":{"line":13,"column":88}}],"line":13},"2":{"loc":{"start":{"line":14,"column":13},"end":{"line":14,"column":52}},"type":"binary-expr","locations":[{"start":{"line":14,"column":13},"end":{"line":14,"column":39}},{"start":{"line":14,"column":43},"end":{"line":14,"column":52}}],"line":14},"3":{"loc":{"start":{"line":15,"column":22},"end":{"line":15,"column":71}},"type":"cond-expr","locations":[{"start":{"line":15,"column":62},"end":{"line":15,"column":65}},{"start":{"line":15,"column":68},"end":{"line":15,"column":71}}],"line":15}},"s":{"0":1,"1":1,"2":1,"3":1,"4":1,"5":0,"6":0,"7":1},"f":{"0":1},"b":{"0":[1,0],"1":[0,0,0],"2":[0,0],"3":[0,0]},"_coverageSchema":"1a1c01bbd47fc00a2c39e90264f33305004495a9","hash":"9fd188e24a4bd5fd6d3ad80e35aadefad142be7a"}
,"/Users/ammartaeha/Desktop/CSC 190/JM-Comfort/server/config/validateEnv.js": {"path":"/Users/ammartaeha/Desktop/CSC 190/JM-Comfort/server/config/validateEnv.js","statementMap":{"0":{"start":{"line":2,"column":23},"end":{"line":17,"column":3}},"1":{"start":{"line":19,"column":18},"end":{"line":19,"column":65}},"2":{"start":{"line":19,"column":47},"end":{"line":19,"column":64}},"3":{"start":{"line":21,"column":2},"end":{"line":25,"column":3}},"4":{"start":{"line":22,"column":4},"end":{"line":22,"column":76}},"5":{"start":{"line":23,"column":4},"end":{"line":23,"column":58}},"6":{"start":{"line":23,"column":29},"end":{"line":23,"column":56}},"7":{"start":{"line":24,"column":4},"end":{"line":24,"column":20}},"8":{"start":{"line":27,"column":2},"end":{"line":27,"column":65}},"9":{"start":{"line":30,"column":0},"end":{"line":30,"column":33}}},"fnMap":{"0":{"name":"validateEnv","decl":{"start":{"line":1,"column":9},"end":{"line":1,"column":20}},"loc":{"start":{"line":1,"column":23},"end":{"line":28,"column":1}},"line":1},"1":{"name":"(anonymous_1)","decl":{"start":{"line":19,"column":38},"end":{"line":19,"column":39}},"loc":{"start":{"line":19,"column":47},"end":{"line":19,"column":64}},"line":19},"2":{"name":"(anonymous_2)","decl":{"start":{"line":23,"column":20},"end":{"line":23,"column":21}},"loc":{"start":{"line":23,"column":29},"end":{"line":23,"column":56}},"line":23}},"branchMap":{"0":{"loc":{"start":{"line":21,"column":2},"end":{"line":25,"column":3}},"type":"if","locations":[{"start":{"line":21,"column":2},"end":{"line":25,"column":3}},{"start":{},"end":{}}],"line":21}},"s":{"0":0,"1":0,"2":0,"3":0,"4":0,"5":0,"6":0,"7":0,"8":0,"9":1},"f":{"0":0,"1":0,"2":0},"b":{"0":[0,0]},"_coverageSchema":"1a1c01bbd47fc00a2c39e90264f33305004495a9","hash":"402a0e0926d66e7dcebb889966bee355a1dc517a"}
,"/Users/ammartaeha/Desktop/CSC 190/JM-Comfort/server/controllers/analyticsController.js": {"path":"/Users/ammartaeha/Desktop/CSC 190/JM-Comfort/server/controllers/analyticsController.js","statementMap":{"0":{"start":{"line":2,"column":13},"end":{"line":2,"column":36}},"1":{"start":{"line":17,"column":2},"end":{"line":86,"column":3}},"2":{"start":{"line":28,"column":8},"end":{"line":48,"column":6}},"3":{"start":{"line":51,"column":29},"end":{"line":51,"column":31}},"4":{"start":{"line":52,"column":4},"end":{"line":54,"column":5}},"5":{"start":{"line":53,"column":6},"end":{"line":53,"column":55}},"6":{"start":{"line":56,"column":26},"end":{"line":56,"column":28}},"7":{"start":{"line":57,"column":4},"end":{"line":59,"column":5}},"8":{"start":{"line":58,"column":6},"end":{"line":58,"column":52}},"9":{"start":{"line":61,"column":29},"end":{"line":61,"column":31}},"10":{"start":{"line":62,"column":4},"end":{"line":64,"column":5}},"11":{"start":{"line":63,"column":6},"end":{"line":63,"column":55}},"12":{"start":{"line":66,"column":4},"end":{"line":82,"column":7}},"13":{"start":{"line":84,"column":4},"end":{"line":84,"column":73}},"14":{"start":{"line":85,"column":4},"end":{"line":85,"column":68}},"15":{"start":{"line":89,"column":0},"end":{"line":89,"column":34}}},"fnMap":{"0":{"name":"getAnalytics","decl":{"start":{"line":16,"column":15},"end":{"line":16,"column":27}},"loc":{"start":{"line":16,"column":38},"end":{"line":87,"column":1}},"line":16}},"branchMap":{},"s":{"0":3,"1":9,"2":9,"3":8,"4":8,"5":13,"6":8,"7":8,"8":13,"9":8,"10":8,"11":13,"12":8,"13":1,"14":1,"15":3},"f":{"0":9},"b":{},"_coverageSchema":"1a1c01bbd47fc00a2c39e90264f33305004495a9","hash":"0f0e765b3d2607b78870c21ee0274b218ce27b54"}
,"/Users/ammartaeha/Desktop/CSC 190/JM-Comfort/server/controllers/analyticsSummaryController.js": {"path":"/Users/ammartaeha/Desktop/CSC 190/JM-Comfort/server/controllers/analyticsSummaryController.js","statementMap":{"0":{"start":{"line":1,"column":13},"end":{"line":1,"column":36}},"1":{"start":{"line":8,"column":2},"end":{"line":58,"column":3}},"2":{"start":{"line":10,"column":16},"end":{"line":10,"column":26}},"3":{"start":{"line":11,"column":22},"end":{"line":11,"column":34}},"4":{"start":{"line":12,"column":25},"end":{"line":12,"column":60}},"5":{"start":{"line":14,"column":19},"end":{"line":14,"column":32}},"6":{"start":{"line":15,"column":4},"end":{"line":15,"column":49}},"7":{"start":{"line":16,"column":4},"end":{"line":16,"column":32}},"8":{"start":{"line":18,"column":19},"end":{"line":18,"column":35}},"9":{"start":{"line":19,"column":4},"end":{"line":19,"column":41}},"10":{"start":{"line":20,"column":4},"end":{"line":20,"column":37}},"11":{"start":{"line":22,"column":22},"end":{"line":22,"column":73}},"12":{"start":{"line":23,"column":22},"end":{"line":23,"column":73}},"13":{"start":{"line":30,"column":8},"end":{"line":45,"column":6}},"14":{"start":{"line":47,"column":22},"end":{"line":47,"column":50}},"15":{"start":{"line":49,"column":4},"end":{"line":54,"column":7}},"16":{"start":{"line":56,"column":4},"end":{"line":56,"column":62}},"17":{"start":{"line":57,"column":4},"end":{"line":57,"column":68}},"18":{"start":{"line":61,"column":0},"end":{"line":61,"column":32}}},"fnMap":{"0":{"name":"getSummary","decl":{"start":{"line":7,"column":15},"end":{"line":7,"column":25}},"loc":{"start":{"line":7,"column":36},"end":{"line":59,"column":1}},"line":7}},"branchMap":{"0":{"loc":{"start":{"line":12,"column":25},"end":{"line":12,"column":60}},"type":"cond-expr","locations":[{"start":{"line":12,"column":43},"end":{"line":12,"column":44}},{"start":{"line":12,"column":47},"end":{"line":12,"column":60}}],"line":12},"1":{"loc":{"start":{"line":53,"column":21},"end":{"line":53,"column":89}},"type":"cond-expr","locations":[{"start":{"line":53,"column":42},"end":{"line":53,"column":82}},{"start":{"line":53,"column":85},"end":{"line":53,"column":89}}],"line":53}},"s":{"0":2,"1":9,"2":9,"3":9,"4":9,"5":9,"6":9,"7":9,"8":9,"9":9,"10":9,"11":9,"12":9,"13":9,"14":8,"15":8,"16":1,"17":1,"18":2},"f":{"0":9},"b":{"0":[0,9],"1":[6,2]},"_coverageSchema":"1a1c01bbd47fc00a2c39e90264f33305004495a9","hash":"6aeb33eb14ee1483d2eaafdea43c30b5ebffa1c0"}
,"/Users/ammartaeha/Desktop/CSC 190/JM-Comfort/server/controllers/appointmentController.js": {"path":"/Users/ammartaeha/Desktop/CSC 190/JM-Comfort/server/controllers/appointmentController.js","statementMap":{"0":{"start":{"line":1,"column":11},"end":{"line":1,"column":40}},"1":{"start":{"line":4,"column":0},"end":{"line":24,"column":2}},"2":{"start":{"line":5,"column":2},"end":{"line":23,"column":3}},"3":{"start":{"line":6,"column":27},"end":{"line":17,"column":6}},"4":{"start":{"line":19,"column":4},"end":{"line":19,"column":27}},"5":{"start":{"line":21,"column":4},"end":{"line":21,"column":57}},"6":{"start":{"line":22,"column":4},"end":{"line":22,"column":68}},"7":{"start":{"line":27,"column":0},"end":{"line":56,"column":2}},"8":{"start":{"line":28,"column":2},"end":{"line":55,"column":3}},"9":{"start":{"line":29,"column":23},"end":{"line":29,"column":33}},"10":{"start":{"line":32,"column":26},"end":{"line":32,"column":111}},"11":{"start":{"line":33,"column":4},"end":{"line":35,"column":5}},"12":{"start":{"line":34,"column":6},"end":{"line":34,"column":63}},"13":{"start":{"line":37,"column":27},"end":{"line":49,"column":16}},"14":{"start":{"line":51,"column":4},"end":{"line":51,"column":27}},"15":{"start":{"line":53,"column":4},"end":{"line":53,"column":57}},"16":{"start":{"line":54,"column":4},"end":{"line":54,"column":68}},"17":{"start":{"line":59,"column":0},"end":{"line":134,"column":2}},"18":{"start":{"line":60,"column":21},"end":{"line":60,"column":45}},"19":{"start":{"line":62,"column":2},"end":{"line":133,"column":3}},"20":{"start":{"line":63,"column":4},"end":{"line":63,"column":40}},"21":{"start":{"line":65,"column":19},"end":{"line":65,"column":29}},"22":{"start":{"line":66,"column":28},"end":{"line":66,"column":36}},"23":{"start":{"line":69,"column":4},"end":{"line":71,"column":5}},"24":{"start":{"line":70,"column":6},"end":{"line":70,"column":75}},"25":{"start":{"line":74,"column":27},"end":{"line":77,"column":5}},"26":{"start":{"line":79,"column":4},"end":{"line":82,"column":5}},"27":{"start":{"line":80,"column":6},"end":{"line":80,"column":34}},"28":{"start":{"line":81,"column":6},"end":{"line":81,"column":70}},"29":{"start":{"line":84,"column":24},"end":{"line":84,"column":39}},"30":{"start":{"line":87,"column":4},"end":{"line":92,"column":5}},"31":{"start":{"line":88,"column":6},"end":{"line":88,"column":34}},"32":{"start":{"line":89,"column":6},"end":{"line":91,"column":9}},"33":{"start":{"line":95,"column":21},"end":{"line":102,"column":33}},"34":{"start":{"line":104,"column":4},"end":{"line":107,"column":5}},"35":{"start":{"line":105,"column":6},"end":{"line":105,"column":34}},"36":{"start":{"line":106,"column":6},"end":{"line":106,"column":78}},"37":{"start":{"line":110,"column":33},"end":{"line":118,"column":12}},"38":{"start":{"line":120,"column":4},"end":{"line":120,"column":30}},"39":{"start":{"line":122,"column":4},"end":{"line":125,"column":7}},"40":{"start":{"line":128,"column":4},"end":{"line":128,"column":32}},"41":{"start":{"line":129,"column":4},"end":{"line":129,"column":57}},"42":{"start":{"line":130,"column":4},"end":{"line":130,"column":69}},"43":{"start":{"line":132,"column":4},"end":{"line":132,"column":25}},"44":{"start":{"line":137,"column":0},"end":{"line":216,"column":2}},"45":{"start":{"line":138,"column":21},"end":{"line":138,"column":45}},"46":{"start":{"line":140,"column":2},"end":{"line":215,"column":3}},"47":{"start":{"line":141,"column":4},"end":{"line":141,"column":40}},"48":{"start":{"line":143,"column":19},"end":{"line":143,"column":29}},"49":{"start":{"line":144,"column":46},"end":{"line":144,"column":54}},"50":{"start":{"line":147,"column":4},"end":{"line":149,"column":5}},"51":{"start":{"line":148,"column":6},"end":{"line":148,"column":75}},"52":{"start":{"line":151,"column":4},"end":{"line":153,"column":5}},"53":{"start":{"line":152,"column":6},"end":{"line":152,"column":77}},"54":{"start":{"line":156,"column":27},"end":{"line":159,"column":5}},"55":{"start":{"line":161,"column":4},"end":{"line":164,"column":5}},"56":{"start":{"line":162,"column":6},"end":{"line":162,"column":34}},"57":{"start":{"line":163,"column":6},"end":{"line":163,"column":70}},"58":{"start":{"line":166,"column":24},"end":{"line":166,"column":39}},"59":{"start":{"line":169,"column":4},"end":{"line":174,"column":5}},"60":{"start":{"line":170,"column":6},"end":{"line":170,"column":34}},"61":{"start":{"line":171,"column":6},"end":{"line":173,"column":9}},"62":{"start":{"line":177,"column":21},"end":{"line":184,"column":58}},"63":{"start":{"line":186,"column":4},"end":{"line":189,"column":5}},"64":{"start":{"line":187,"column":6},"end":{"line":187,"column":34}},"65":{"start":{"line":188,"column":6},"end":{"line":188,"column":77}},"66":{"start":{"line":192,"column":33},"end":{"line":200,"column":12}},"67":{"start":{"line":202,"column":4},"end":{"line":202,"column":30}},"68":{"start":{"line":204,"column":4},"end":{"line":207,"column":7}},"69":{"start":{"line":210,"column":4},"end":{"line":210,"column":32}},"70":{"start":{"line":211,"column":4},"end":{"line":211,"column":57}},"71":{"start":{"line":212,"column":4},"end":{"line":212,"column":68}},"72":{"start":{"line":214,"column":4},"end":{"line":214,"column":25}},"73":{"start":{"line":219,"column":0},"end":{"line":231,"column":2}},"74":{"start":{"line":220,"column":2},"end":{"line":230,"column":3}},"75":{"start":{"line":221,"column":19},"end":{"line":221,"column":29}},"76":{"start":{"line":222,"column":21},"end":{"line":222,"column":82}},"77":{"start":{"line":223,"column":4},"end":{"line":225,"column":5}},"78":{"start":{"line":224,"column":6},"end":{"line":224,"column":70}},"79":{"start":{"line":226,"column":4},"end":{"line":226,"column":62}},"80":{"start":{"line":228,"column":4},"end":{"line":228,"column":56}},"81":{"start":{"line":229,"column":4},"end":{"line":229,"column":68}},"82":{"start":{"line":234,"column":0},"end":{"line":260,"column":2}},"83":{"start":{"line":235,"column":2},"end":{"line":259,"column":3}},"84":{"start":{"line":236,"column":19},"end":{"line":236,"column":29}},"85":{"start":{"line":237,"column":23},"end":{"line":237,"column":31}},"86":{"start":{"line":240,"column":26},"end":{"line":240,"column":111}},"87":{"start":{"line":241,"column":4},"end":{"line":243,"column":5}},"88":{"start":{"line":242,"column":6},"end":{"line":242,"column":63}},"89":{"start":{"line":245,"column":21},"end":{"line":248,"column":5}},"90":{"start":{"line":250,"column":4},"end":{"line":252,"column":5}},"91":{"start":{"line":251,"column":6},"end":{"line":251,"column":70}},"92":{"start":{"line":254,"column":4},"end":{"line":254,"column":69}},"93":{"start":{"line":257,"column":4},"end":{"line":257,"column":63}},"94":{"start":{"line":258,"column":4},"end":{"line":258,"column":75}}},"fnMap":{"0":{"name":"(anonymous_0)","decl":{"start":{"line":4,"column":29},"end":{"line":4,"column":30}},"loc":{"start":{"line":4,"column":49},"end":{"line":24,"column":1}},"line":4},"1":{"name":"(anonymous_1)","decl":{"start":{"line":27,"column":34},"end":{"line":27,"column":35}},"loc":{"start":{"line":27,"column":54},"end":{"line":56,"column":1}},"line":27},"2":{"name":"(anonymous_2)","decl":{"start":{"line":59,"column":29},"end":{"line":59,"column":30}},"loc":{"start":{"line":59,"column":49},"end":{"line":134,"column":1}},"line":59},"3":{"name":"(anonymous_3)","decl":{"start":{"line":137,"column":28},"end":{"line":137,"column":29}},"loc":{"start":{"line":137,"column":48},"end":{"line":216,"column":1}},"line":137},"4":{"name":"(anonymous_4)","decl":{"start":{"line":219,"column":28},"end":{"line":219,"column":29}},"loc":{"start":{"line":219,"column":48},"end":{"line":231,"column":1}},"line":219},"5":{"name":"(anonymous_5)","decl":{"start":{"line":234,"column":34},"end":{"line":234,"column":35}},"loc":{"start":{"line":234,"column":54},"end":{"line":260,"column":1}},"line":234}},"branchMap":{"0":{"loc":{"start":{"line":33,"column":4},"end":{"line":35,"column":5}},"type":"if","locations":[{"start":{"line":33,"column":4},"end":{"line":35,"column":5}},{"start":{},"end":{}}],"line":33},"1":{"loc":{"start":{"line":69,"column":4},"end":{"line":71,"column":5}},"type":"if","locations":[{"start":{"line":69,"column":4},"end":{"line":71,"column":5}},{"start":{},"end":{}}],"line":69},"2":{"loc":{"start":{"line":79,"column":4},"end":{"line":82,"column":5}},"type":"if","locations":[{"start":{"line":79,"column":4},"end":{"line":82,"column":5}},{"start":{},"end":{}}],"line":79},"3":{"loc":{"start":{"line":87,"column":4},"end":{"line":92,"column":5}},"type":"if","locations":[{"start":{"line":87,"column":4},"end":{"line":92,"column":5}},{"start":{},"end":{}}],"line":87},"4":{"loc":{"start":{"line":102,"column":8},"end":{"line":102,"column":27}},"type":"binary-expr","locations":[{"start":{"line":102,"column":8},"end":{"line":102,"column":19}},{"start":{"line":102,"column":23},"end":{"line":102,"column":27}}],"line":102},"5":{"loc":{"start":{"line":104,"column":4},"end":{"line":107,"column":5}},"type":"if","locations":[{"start":{"line":104,"column":4},"end":{"line":107,"column":5}},{"start":{},"end":{}}],"line":104},"6":{"loc":{"start":{"line":147,"column":4},"end":{"line":149,"column":5}},"type":"if","locations":[{"start":{"line":147,"column":4},"end":{"line":149,"column":5}},{"start":{},"end":{}}],"line":147},"7":{"loc":{"start":{"line":151,"column":4},"end":{"line":153,"column":5}},"type":"if","locations":[{"start":{"line":151,"column":4},"end":{"line":153,"column":5}},{"start":{},"end":{}}],"line":151},"8":{"loc":{"start":{"line":151,"column":8},"end":{"line":151,"column":65}},"type":"binary-expr","locations":[{"start":{"line":151,"column":8},"end":{"line":151,"column":25}},{"start":{"line":151,"column":29},"end":{"line":151,"column":65}}],"line":151},"9":{"loc":{"start":{"line":161,"column":4},"end":{"line":164,"column":5}},"type":"if","locations":[{"start":{"line":161,"column":4},"end":{"line":164,"column":5}},{"start":{},"end":{}}],"line":161},"10":{"loc":{"start":{"line":169,"column":4},"end":{"line":174,"column":5}},"type":"if","locations":[{"start":{"line":169,"column":4},"end":{"line":174,"column":5}},{"start":{},"end":{}}],"line":169},"11":{"loc":{"start":{"line":184,"column":8},"end":{"line":184,"column":27}},"type":"binary-expr","locations":[{"start":{"line":184,"column":8},"end":{"line":184,"column":19}},{"start":{"line":184,"column":23},"end":{"line":184,"column":27}}],"line":184},"12":{"loc":{"start":{"line":186,"column":4},"end":{"line":189,"column":5}},"type":"if","locations":[{"start":{"line":186,"column":4},"end":{"line":189,"column":5}},{"start":{},"end":{}}],"line":186},"13":{"loc":{"start":{"line":223,"column":4},"end":{"line":225,"column":5}},"type":"if","locations":[{"start":{"line":223,"column":4},"end":{"line":225,"column":5}},{"start":{},"end":{}}],"line":223},"14":{"loc":{"start":{"line":241,"column":4},"end":{"line":243,"column":5}},"type":"if","locations":[{"start":{"line":241,"column":4},"end":{"line":243,"column":5}},{"start":{},"end":{}}],"line":241},"15":{"loc":{"start":{"line":250,"column":4},"end":{"line":252,"column":5}},"type":"if","locations":[{"start":{"line":250,"column":4},"end":{"line":252,"column":5}},{"start":{},"end":{}}],"line":250}},"s":{"0":3,"1":3,"2":3,"3":3,"4":2,"5":1,"6":1,"7":3,"8":3,"9":3,"10":3,"11":3,"12":1,"13":2,"14":1,"15":1,"16":1,"17":3,"18":0,"19":0,"20":0,"21":0,"22":0,"23":0,"24":0,"25":0,"26":0,"27":0,"28":0,"29":0,"30":0,"31":0,"32":0,"33":0,"34":0,"35":0,"36":0,"37":0,"38":0,"39":0,"40":0,"41":0,"42":0,"43":0,"44":3,"45":0,"46":0,"47":0,"48":0,"49":0,"50":0,"51":0,"52":0,"53":0,"54":0,"55":0,"56":0,"57":0,"58":0,"59":0,"60":0,"61":0,"62":0,"63":0,"64":0,"65":0,"66":0,"67":0,"68":0,"69":0,"70":0,"71":0,"72":0,"73":3,"74":3,"75":3,"76":3,"77":2,"78":1,"79":1,"80":1,"81":1,"82":3,"83":0,"84":0,"85":0,"86":0,"87":0,"88":0,"89":0,"90":0,"91":0,"92":0,"93":0,"94":0},"f":{"0":3,"1":3,"2":0,"3":0,"4":3,"5":0},"b":{"0":[1,2],"1":[0,0],"2":[0,0],"3":[0,0],"4":[0,0],"5":[0,0],"6":[0,0],"7":[0,0],"8":[0,0],"9":[0,0],"10":[0,0],"11":[0,0],"12":[0,0],"13":[1,1],"14":[0,0],"15":[0,0]},"_coverageSchema":"1a1c01bbd47fc00a2c39e90264f33305004495a9","hash":"66ed4d5ae406f4a211f4a199b0aa543d705a4564"}
,"/Users/ammartaeha/Desktop/CSC 190/JM-Comfort/server/controllers/feedbackController.js": {"path":"/Users/ammartaeha/Desktop/CSC 190/JM-Comfort/server/controllers/feedbackController.js","statementMap":{"0":{"start":{"line":1,"column":13},"end":{"line":1,"column":36}},"1":{"start":{"line":7,"column":0},"end":{"line":17,"column":2}},"2":{"start":{"line":8,"column":2},"end":{"line":16,"column":3}},"3":{"start":{"line":9,"column":19},"end":{"line":11,"column":5}},"4":{"start":{"line":12,"column":4},"end":{"line":12,"column":50}},"5":{"start":{"line":14,"column":4},"end":{"line":14,"column":71}},"6":{"start":{"line":15,"column":4},"end":{"line":15,"column":69}},"7":{"start":{"line":24,"column":0},"end":{"line":61,"column":2}},"8":{"start":{"line":25,"column":2},"end":{"line":60,"column":3}},"9":{"start":{"line":26,"column":25},"end":{"line":26,"column":73}},"10":{"start":{"line":27,"column":19},"end":{"line":27,"column":21}},"11":{"start":{"line":29,"column":4},"end":{"line":31,"column":5}},"12":{"start":{"line":30,"column":6},"end":{"line":30,"column":48}},"13":{"start":{"line":33,"column":4},"end":{"line":35,"column":5}},"14":{"start":{"line":34,"column":6},"end":{"line":34,"column":64}},"15":{"start":{"line":37,"column":4},"end":{"line":43,"column":5}},"16":{"start":{"line":38,"column":6},"end":{"line":42,"column":9}},"17":{"start":{"line":45,"column":21},"end":{"line":48,"column":5}},"18":{"start":{"line":50,"column":4},"end":{"line":54,"column":7}},"19":{"start":{"line":58,"column":4},"end":{"line":58,"column":72}},"20":{"start":{"line":59,"column":4},"end":{"line":59,"column":69}}},"fnMap":{"0":{"name":"(anonymous_0)","decl":{"start":{"line":7,"column":25},"end":{"line":7,"column":26}},"loc":{"start":{"line":7,"column":45},"end":{"line":17,"column":1}},"line":7},"1":{"name":"(anonymous_1)","decl":{"start":{"line":24,"column":25},"end":{"line":24,"column":26}},"loc":{"start":{"line":24,"column":45},"end":{"line":61,"column":1}},"line":24}},"branchMap":{"0":{"loc":{"start":{"line":26,"column":26},"end":{"line":26,"column":54}},"type":"binary-expr","locations":[{"start":{"line":26,"column":26},"end":{"line":26,"column":48}},{"start":{"line":26,"column":52},"end":{"line":26,"column":54}}],"line":26},"1":{"loc":{"start":{"line":29,"column":4},"end":{"line":31,"column":5}},"type":"if","locations":[{"start":{"line":29,"column":4},"end":{"line":31,"column":5}},{"start":{},"end":{}}],"line":29},"2":{"loc":{"start":{"line":33,"column":4},"end":{"line":35,"column":5}},"type":"if","locations":[{"start":{"line":33,"column":4},"end":{"line":35,"column":5}},{"start":{},"end":{}}],"line":33},"3":{"loc":{"start":{"line":37,"column":4},"end":{"line":43,"column":5}},"type":"if","locations":[{"start":{"line":37,"column":4},"end":{"line":43,"column":5}},{"start":{},"end":{}}],"line":37}},"s":{"0":1,"1":1,"2":0,"3":0,"4":0,"5":0,"6":0,"7":1,"8":0,"9":0,"10":0,"11":0,"12":0,"13":0,"14":0,"15":0,"16":0,"17":0,"18":0,"19":0,"20":0},"f":{"0":0,"1":0},"b":{"0":[0,0],"1":[0,0],"2":[0,0],"3":[0,0]},"_coverageSchema":"1a1c01bbd47fc00a2c39e90264f33305004495a9","hash":"d8b314f00829f13966c72e5a9cf1abc1fa9f8f74"}
,"/Users/ammartaeha/Desktop/CSC 190/JM-Comfort/server/controllers/projectController.js": {"path":"/Users/ammartaeha/Desktop/CSC 190/JM-Comfort/server/controllers/projectController.js","statementMap":{"0":{"start":{"line":1,"column":11},"end":{"line":1,"column":40}},"1":{"start":{"line":3,"column":0},"end":{"line":18,"column":2}},"2":{"start":{"line":4,"column":2},"end":{"line":17,"column":3}},"3":{"start":{"line":5,"column":23},"end":{"line":12,"column":6}},"4":{"start":{"line":13,"column":4},"end":{"line":13,"column":23}},"5":{"start":{"line":15,"column":4},"end":{"line":15,"column":53}},"6":{"start":{"line":16,"column":4},"end":{"line":16,"column":64}},"7":{"start":{"line":20,"column":0},"end":{"line":40,"column":2}},"8":{"start":{"line":21,"column":2},"end":{"line":39,"column":3}},"9":{"start":{"line":22,"column":19},"end":{"line":22,"column":29}},"10":{"start":{"line":23,"column":23},"end":{"line":30,"column":12}},"11":{"start":{"line":32,"column":4},"end":{"line":34,"column":5}},"12":{"start":{"line":33,"column":6},"end":{"line":33,"column":66}},"13":{"start":{"line":35,"column":4},"end":{"line":35,"column":26}},"14":{"start":{"line":37,"column":4},"end":{"line":37,"column":52}},"15":{"start":{"line":38,"column":4},"end":{"line":38,"column":63}},"16":{"start":{"line":42,"column":0},"end":{"line":78,"column":2}},"17":{"start":{"line":43,"column":2},"end":{"line":77,"column":3}},"18":{"start":{"line":44,"column":64},"end":{"line":44,"column":72}},"19":{"start":{"line":46,"column":4},"end":{"line":48,"column":5}},"20":{"start":{"line":47,"column":6},"end":{"line":47,"column":82}},"21":{"start":{"line":50,"column":26},"end":{"line":50,"column":78}},"22":{"start":{"line":51,"column":26},"end":{"line":51,"column":45}},"23":{"start":{"line":52,"column":4},"end":{"line":54,"column":5}},"24":{"start":{"line":53,"column":6},"end":{"line":53,"column":63}},"25":{"start":{"line":56,"column":21},"end":{"line":59,"column":5}},"26":{"start":{"line":61,"column":22},"end":{"line":68,"column":25}},"27":{"start":{"line":70,"column":4},"end":{"line":70,"column":78}},"28":{"start":{"line":72,"column":4},"end":{"line":72,"column":52}},"29":{"start":{"line":73,"column":4},"end":{"line":75,"column":5}},"30":{"start":{"line":74,"column":6},"end":{"line":74,"column":67}},"31":{"start":{"line":76,"column":4},"end":{"line":76,"column":64}},"32":{"start":{"line":80,"column":0},"end":{"line":119,"column":2}},"33":{"start":{"line":81,"column":2},"end":{"line":118,"column":3}},"34":{"start":{"line":82,"column":19},"end":{"line":82,"column":29}},"35":{"start":{"line":83,"column":51},"end":{"line":83,"column":59}},"36":{"start":{"line":85,"column":23},"end":{"line":85,"column":82}},"37":{"start":{"line":86,"column":4},"end":{"line":88,"column":5}},"38":{"start":{"line":87,"column":6},"end":{"line":87,"column":66}},"39":{"start":{"line":90,"column":26},"end":{"line":90,"column":78}},"40":{"start":{"line":91,"column":4},"end":{"line":93,"column":5}},"41":{"start":{"line":92,"column":6},"end":{"line":92,"column":63}},"42":{"start":{"line":95,"column":24},"end":{"line":95,"column":75}},"43":{"start":{"line":96,"column":26},"end":{"line":96,"column":54}},"44":{"start":{"line":97,"column":25},"end":{"line":97,"column":97}},"45":{"start":{"line":98,"column":23},"end":{"line":98,"column":89}},"46":{"start":{"line":100,"column":4},"end":{"line":103,"column":6}},"47":{"start":{"line":105,"column":22},"end":{"line":112,"column":12}},"48":{"start":{"line":114,"column":4},"end":{"line":114,"column":66}},"49":{"start":{"line":116,"column":4},"end":{"line":116,"column":52}},"50":{"start":{"line":117,"column":4},"end":{"line":117,"column":64}},"51":{"start":{"line":121,"column":0},"end":{"line":144,"column":2}},"52":{"start":{"line":122,"column":2},"end":{"line":143,"column":3}},"53":{"start":{"line":123,"column":19},"end":{"line":123,"column":29}},"54":{"start":{"line":125,"column":23},"end":{"line":125,"column":82}},"55":{"start":{"line":126,"column":4},"end":{"line":128,"column":5}},"56":{"start":{"line":127,"column":6},"end":{"line":127,"column":66}},"57":{"start":{"line":130,"column":21},"end":{"line":130,"column":78}},"58":{"start":{"line":132,"column":4},"end":{"line":134,"column":5}},"59":{"start":{"line":133,"column":6},"end":{"line":133,"column":73}},"60":{"start":{"line":136,"column":4},"end":{"line":136,"column":45}},"61":{"start":{"line":138,"column":4},"end":{"line":138,"column":52}},"62":{"start":{"line":139,"column":4},"end":{"line":141,"column":5}},"63":{"start":{"line":140,"column":6},"end":{"line":140,"column":106}},"64":{"start":{"line":142,"column":4},"end":{"line":142,"column":64}}},"fnMap":{"0":{"name":"(anonymous_0)","decl":{"start":{"line":3,"column":25},"end":{"line":3,"column":26}},"loc":{"start":{"line":3,"column":45},"end":{"line":18,"column":1}},"line":3},"1":{"name":"(anonymous_1)","decl":{"start":{"line":20,"column":25},"end":{"line":20,"column":26}},"loc":{"start":{"line":20,"column":45},"end":{"line":40,"column":1}},"line":20},"2":{"name":"(anonymous_2)","decl":{"start":{"line":42,"column":24},"end":{"line":42,"column":25}},"loc":{"start":{"line":42,"column":44},"end":{"line":78,"column":1}},"line":42},"3":{"name":"(anonymous_3)","decl":{"start":{"line":80,"column":24},"end":{"line":80,"column":25}},"loc":{"start":{"line":80,"column":44},"end":{"line":119,"column":1}},"line":80},"4":{"name":"(anonymous_4)","decl":{"start":{"line":121,"column":24},"end":{"line":121,"column":25}},"loc":{"start":{"line":121,"column":44},"end":{"line":144,"column":1}},"line":121}},"branchMap":{"0":{"loc":{"start":{"line":32,"column":4},"end":{"line":34,"column":5}},"type":"if","locations":[{"start":{"line":32,"column":4},"end":{"line":34,"column":5}},{"start":{},"end":{}}],"line":32},"1":{"loc":{"start":{"line":46,"column":4},"end":{"line":48,"column":5}},"type":"if","locations":[{"start":{"line":46,"column":4},"end":{"line":48,"column":5}},{"start":{},"end":{}}],"line":46},"2":{"loc":{"start":{"line":46,"column":8},"end":{"line":46,"column":29}},"type":"binary-expr","locations":[{"start":{"line":46,"column":8},"end":{"line":46,"column":20}},{"start":{"line":46,"column":24},"end":{"line":46,"column":29}}],"line":46},"3":{"loc":{"start":{"line":51,"column":26},"end":{"line":51,"column":45}},"type":"binary-expr","locations":[{"start":{"line":51,"column":26},"end":{"line":51,"column":32}},{"start":{"line":51,"column":36},"end":{"line":51,"column":45}}],"line":51},"4":{"loc":{"start":{"line":52,"column":4},"end":{"line":54,"column":5}},"type":"if","locations":[{"start":{"line":52,"column":4},"end":{"line":54,"column":5}},{"start":{},"end":{}}],"line":52},"5":{"loc":{"start":{"line":58,"column":48},"end":{"line":58,"column":66}},"type":"binary-expr","locations":[{"start":{"line":58,"column":48},"end":{"line":58,"column":58}},{"start":{"line":58,"column":62},"end":{"line":58,"column":66}}],"line":58},"6":{"loc":{"start":{"line":58,"column":68},"end":{"line":58,"column":84}},"type":"binary-expr","locations":[{"start":{"line":58,"column":68},"end":{"line":58,"column":76}},{"start":{"line":58,"column":80},"end":{"line":58,"column":84}}],"line":58},"7":{"loc":{"start":{"line":73,"column":4},"end":{"line":75,"column":5}},"type":"if","locations":[{"start":{"line":73,"column":4},"end":{"line":75,"column":5}},{"start":{},"end":{}}],"line":73},"8":{"loc":{"start":{"line":86,"column":4},"end":{"line":88,"column":5}},"type":"if","locations":[{"start":{"line":86,"column":4},"end":{"line":88,"column":5}},{"start":{},"end":{}}],"line":86},"9":{"loc":{"start":{"line":91,"column":4},"end":{"line":93,"column":5}},"type":"if","locations":[{"start":{"line":91,"column":4},"end":{"line":93,"column":5}},{"start":{},"end":{}}],"line":91},"10":{"loc":{"start":{"line":91,"column":8},"end":{"line":91,"column":49}},"type":"binary-expr","locations":[{"start":{"line":91,"column":8},"end":{"line":91,"column":14}},{"start":{"line":91,"column":18},"end":{"line":91,"column":49}}],"line":91},"11":{"loc":{"start":{"line":95,"column":24},"end":{"line":95,"column":75}},"type":"cond-expr","locations":[{"start":{"line":95,"column":45},"end":{"line":95,"column":56}},{"start":{"line":95,"column":59},"end":{"line":95,"column":75}}],"line":95},"12":{"loc":{"start":{"line":96,"column":26},"end":{"line":96,"column":54}},"type":"binary-expr","locations":[{"start":{"line":96,"column":26},"end":{"line":96,"column":32}},{"start":{"line":96,"column":36},"end":{"line":96,"column":54}}],"line":96},"13":{"loc":{"start":{"line":97,"column":25},"end":{"line":97,"column":97}},"type":"cond-expr","locations":[{"start":{"line":97,"column":53},"end":{"line":97,"column":71}},{"start":{"line":97,"column":75},"end":{"line":97,"column":97}}],"line":97},"14":{"loc":{"start":{"line":97,"column":53},"end":{"line":97,"column":71}},"type":"binary-expr","locations":[{"start":{"line":97,"column":53},"end":{"line":97,"column":63}},{"start":{"line":97,"column":67},"end":{"line":97,"column":71}}],"line":97},"15":{"loc":{"start":{"line":98,"column":23},"end":{"line":98,"column":89}},"type":"cond-expr","locations":[{"start":{"line":98,"column":49},"end":{"line":98,"column":65}},{"start":{"line":98,"column":69},"end":{"line":98,"column":89}}],"line":98},"16":{"loc":{"start":{"line":98,"column":49},"end":{"line":98,"column":65}},"type":"binary-expr","locations":[{"start":{"line":98,"column":49},"end":{"line":98,"column":57}},{"start":{"line":98,"column":61},"end":{"line":98,"column":65}}],"line":98},"17":{"loc":{"start":{"line":126,"column":4},"end":{"line":128,"column":5}},"type":"if","locations":[{"start":{"line":126,"column":4},"end":{"line":128,"column":5}},{"start":{},"end":{}}],"line":126},"18":{"loc":{"start":{"line":132,"column":4},"end":{"line":134,"column":5}},"type":"if","locations":[{"start":{"line":132,"column":4},"end":{"line":134,"column":5}},{"start":{},"end":{}}],"line":132},"19":{"loc":{"start":{"line":139,"column":4},"end":{"line":141,"column":5}},"type":"if","locations":[{"start":{"line":139,"column":4},"end":{"line":141,"column":5}},{"start":{},"end":{}}],"line":139}},"s":{"0":1,"1":1,"2":0,"3":0,"4":0,"5":0,"6":0,"7":1,"8":0,"9":0,"10":0,"11":0,"12":0,"13":0,"14":0,"15":0,"16":1,"17":0,"18":0,"19":0,"20":0,"21":0,"22":0,"23":0,"24":0,"25":0,"26":0,"27":0,"28":0,"29":0,"30":0,"31":0,"32":1,"33":0,"34":0,"35":0,"36":0,"37":0,"38":0,"39":0,"40":0,"41":0,"42":0,"43":0,"44":0,"45":0,"46":0,"47":0,"48":0,"49":0,"50":0,"51":1,"52":0,"53":0,"54":0,"55":0,"56":0,"57":0,"58":0,"59":0,"60":0,"61":0,"62":0,"63":0,"64":0},"f":{"0":0,"1":0,"2":0,"3":0,"4":0},"b":{"0":[0,0],"1":[0,0],"2":[0,0],"3":[0,0],"4":[0,0],"5":[0,0],"6":[0,0],"7":[0,0],"8":[0,0],"9":[0,0],"10":[0,0],"11":[0,0],"12":[0,0],"13":[0,0],"14":[0,0],"15":[0,0],"16":[0,0],"17":[0,0],"18":[0,0],"19":[0,0]},"_coverageSchema":"1a1c01bbd47fc00a2c39e90264f33305004495a9","hash":"a8e5adadf071d062601f1aa45fccef81dd181e4a"}
,"/Users/ammartaeha/Desktop/CSC 190/JM-Comfort/server/controllers/servicesController.js": {"path":"/Users/ammartaeha/Desktop/CSC 190/JM-Comfort/server/controllers/servicesController.js","statementMap":{"0":{"start":{"line":1,"column":13},"end":{"line":1,"column":42}},"1":{"start":{"line":2,"column":29},"end":{"line":2,"column":57}},"2":{"start":{"line":5,"column":17},"end":{"line":5,"column":38}},"3":{"start":{"line":6,"column":2},"end":{"line":11,"column":3}},"4":{"start":{"line":7,"column":4},"end":{"line":10,"column":7}},"5":{"start":{"line":9,"column":39},"end":{"line":9,"column":72}},"6":{"start":{"line":12,"column":2},"end":{"line":12,"column":14}},"7":{"start":{"line":15,"column":0},"end":{"line":25,"column":2}},"8":{"start":{"line":16,"column":2},"end":{"line":24,"column":3}},"9":{"start":{"line":17,"column":19},"end":{"line":19,"column":5}},"10":{"start":{"line":20,"column":4},"end":{"line":20,"column":26}},"11":{"start":{"line":22,"column":4},"end":{"line":22,"column":48}},"12":{"start":{"line":23,"column":4},"end":{"line":23,"column":61}},"13":{"start":{"line":27,"column":0},"end":{"line":63,"column":2}},"14":{"start":{"line":28,"column":29},"end":{"line":28,"column":59}},"15":{"start":{"line":29,"column":2},"end":{"line":29,"column":33}},"16":{"start":{"line":29,"column":26},"end":{"line":29,"column":33}},"17":{"start":{"line":31,"column":2},"end":{"line":62,"column":3}},"18":{"start":{"line":40,"column":8},"end":{"line":40,"column":16}},"19":{"start":{"line":43,"column":23},"end":{"line":43,"column":89}},"20":{"start":{"line":44,"column":4},"end":{"line":46,"column":5}},"21":{"start":{"line":45,"column":6},"end":{"line":45,"column":70}},"22":{"start":{"line":48,"column":21},"end":{"line":53,"column":5}},"23":{"start":{"line":55,"column":4},"end":{"line":58,"column":7}},"24":{"start":{"line":60,"column":4},"end":{"line":60,"column":47}},"25":{"start":{"line":61,"column":4},"end":{"line":61,"column":61}},"26":{"start":{"line":65,"column":0},"end":{"line":122,"column":2}},"27":{"start":{"line":66,"column":29},"end":{"line":66,"column":59}},"28":{"start":{"line":67,"column":2},"end":{"line":67,"column":33}},"29":{"start":{"line":67,"column":26},"end":{"line":67,"column":33}},"30":{"start":{"line":69,"column":2},"end":{"line":121,"column":3}},"31":{"start":{"line":70,"column":15},"end":{"line":70,"column":36}},"32":{"start":{"line":73,"column":23},"end":{"line":73,"column":106}},"33":{"start":{"line":74,"column":4},"end":{"line":76,"column":5}},"34":{"start":{"line":75,"column":6},"end":{"line":75,"column":68}},"35":{"start":{"line":78,"column":20},"end":{"line":87,"column":5}},"36":{"start":{"line":89,"column":20},"end":{"line":89,"column":22}},"37":{"start":{"line":90,"column":19},"end":{"line":90,"column":21}},"38":{"start":{"line":92,"column":4},"end":{"line":97,"column":5}},"39":{"start":{"line":93,"column":6},"end":{"line":96,"column":7}},"40":{"start":{"line":94,"column":8},"end":{"line":94,"column":35}},"41":{"start":{"line":95,"column":8},"end":{"line":95,"column":35}},"42":{"start":{"line":99,"column":4},"end":{"line":101,"column":5}},"43":{"start":{"line":100,"column":6},"end":{"line":100,"column":85}},"44":{"start":{"line":104,"column":4},"end":{"line":112,"column":5}},"45":{"start":{"line":105,"column":20},"end":{"line":108,"column":8}},"46":{"start":{"line":109,"column":6},"end":{"line":111,"column":7}},"47":{"start":{"line":110,"column":8},"end":{"line":110,"column":72}},"48":{"start":{"line":114,"column":4},"end":{"line":114,"column":20}},"49":{"start":{"line":115,"column":4},"end":{"line":115,"column":87}},"50":{"start":{"line":117,"column":4},"end":{"line":117,"column":52}},"51":{"start":{"line":119,"column":4},"end":{"line":119,"column":47}},"52":{"start":{"line":120,"column":4},"end":{"line":120,"column":61}},"53":{"start":{"line":124,"column":0},"end":{"line":144,"column":2}},"54":{"start":{"line":125,"column":29},"end":{"line":125,"column":59}},"55":{"start":{"line":126,"column":2},"end":{"line":126,"column":33}},"56":{"start":{"line":126,"column":26},"end":{"line":126,"column":33}},"57":{"start":{"line":128,"column":2},"end":{"line":143,"column":3}},"58":{"start":{"line":129,"column":15},"end":{"line":129,"column":36}},"59":{"start":{"line":131,"column":23},"end":{"line":131,"column":106}},"60":{"start":{"line":132,"column":4},"end":{"line":134,"column":5}},"61":{"start":{"line":133,"column":6},"end":{"line":133,"column":68}},"62":{"start":{"line":137,"column":4},"end":{"line":137,"column":81}},"63":{"start":{"line":139,"column":4},"end":{"line":139,"column":52}},"64":{"start":{"line":141,"column":4},"end":{"line":141,"column":47}},"65":{"start":{"line":142,"column":4},"end":{"line":142,"column":61}}},"fnMap":{"0":{"name":"sendValidationErrors","decl":{"start":{"line":4,"column":9},"end":{"line":4,"column":29}},"loc":{"start":{"line":4,"column":40},"end":{"line":13,"column":1}},"line":4},"1":{"name":"(anonymous_1)","decl":{"start":{"line":9,"column":33},"end":{"line":9,"column":34}},"loc":{"start":{"line":9,"column":39},"end":{"line":9,"column":72}},"line":9},"2":{"name":"(anonymous_2)","decl":{"start":{"line":15,"column":25},"end":{"line":15,"column":26}},"loc":{"start":{"line":15,"column":45},"end":{"line":25,"column":1}},"line":15},"3":{"name":"(anonymous_3)","decl":{"start":{"line":27,"column":24},"end":{"line":27,"column":25}},"loc":{"start":{"line":27,"column":44},"end":{"line":63,"column":1}},"line":27},"4":{"name":"(anonymous_4)","decl":{"start":{"line":65,"column":24},"end":{"line":65,"column":25}},"loc":{"start":{"line":65,"column":44},"end":{"line":122,"column":1}},"line":65},"5":{"name":"(anonymous_5)","decl":{"start":{"line":124,"column":24},"end":{"line":124,"column":25}},"loc":{"start":{"line":124,"column":44},"end":{"line":144,"column":1}},"line":124}},"branchMap":{"0":{"loc":{"start":{"line":6,"column":2},"end":{"line":11,"column":3}},"type":"if","locations":[{"start":{"line":6,"column":2},"end":{"line":11,"column":3}},{"start":{},"end":{}}],"line":6},"1":{"loc":{"start":{"line":29,"column":2},"end":{"line":29,"column":33}},"type":"if","locations":[{"start":{"line":29,"column":2},"end":{"line":29,"column":33}},{"start":{},"end":{}}],"line":29},"2":{"loc":{"start":{"line":35,"column":6},"end":{"line":35,"column":30}},"type":"default-arg","locations":[{"start":{"line":35,"column":26},"end":{"line":35,"column":30}}],"line":35},"3":{"loc":{"start":{"line":36,"column":6},"end":{"line":36,"column":29}},"type":"default-arg","locations":[{"start":{"line":36,"column":25},"end":{"line":36,"column":29}}],"line":36},"4":{"loc":{"start":{"line":37,"column":6},"end":{"line":37,"column":27}},"type":"default-arg","locations":[{"start":{"line":37,"column":23},"end":{"line":37,"column":27}}],"line":37},"5":{"loc":{"start":{"line":38,"column":6},"end":{"line":38,"column":30}},"type":"default-arg","locations":[{"start":{"line":38,"column":26},"end":{"line":38,"column":30}}],"line":38},"6":{"loc":{"start":{"line":39,"column":6},"end":{"line":39,"column":22}},"type":"default-arg","locations":[{"start":{"line":39,"column":18},"end":{"line":39,"column":22}}],"line":39},"7":{"loc":{"start":{"line":44,"column":4},"end":{"line":46,"column":5}},"type":"if","locations":[{"start":{"line":44,"column":4},"end":{"line":46,"column":5}},{"start":{},"end":{}}],"line":44},"8":{"loc":{"start":{"line":67,"column":2},"end":{"line":67,"column":33}},"type":"if","locations":[{"start":{"line":67,"column":2},"end":{"line":67,"column":33}},{"start":{},"end":{}}],"line":67},"9":{"loc":{"start":{"line":74,"column":4},"end":{"line":76,"column":5}},"type":"if","locations":[{"start":{"line":74,"column":4},"end":{"line":76,"column":5}},{"start":{},"end":{}}],"line":74},"10":{"loc":{"start":{"line":93,"column":6},"end":{"line":96,"column":7}},"type":"if","locations":[{"start":{"line":93,"column":6},"end":{"line":96,"column":7}},{"start":{},"end":{}}],"line":93},"11":{"loc":{"start":{"line":99,"column":4},"end":{"line":101,"column":5}},"type":"if","locations":[{"start":{"line":99,"column":4},"end":{"line":101,"column":5}},{"start":{},"end":{}}],"line":99},"12":{"loc":{"start":{"line":104,"column":4},"end":{"line":112,"column":5}},"type":"if","locations":[{"start":{"line":104,"column":4},"end":{"line":112,"column":5}},{"start":{},"end":{}}],"line":104},"13":{"loc":{"start":{"line":109,"column":6},"end":{"line":111,"column":7}},"type":"if","locations":[{"start":{"line":109,"column":6},"end":{"line":111,"column":7}},{"start":{},"end":{}}],"line":109},"14":{"loc":{"start":{"line":126,"column":2},"end":{"line":126,"column":33}},"type":"if","locations":[{"start":{"line":126,"column":2},"end":{"line":126,"column":33}},{"start":{},"end":{}}],"line":126},"15":{"loc":{"start":{"line":132,"column":4},"end":{"line":134,"column":5}},"type":"if","locations":[{"start":{"line":132,"column":4},"end":{"line":134,"column":5}},{"start":{},"end":{}}],"line":132}},"s":{"0":1,"1":1,"2":0,"3":0,"4":0,"5":0,"6":0,"7":1,"8":0,"9":0,"10":0,"11":0,"12":0,"13":1,"14":0,"15":0,"16":0,"17":0,"18":0,"19":0,"20":0,"21":0,"22":0,"23":0,"24":0,"25":0,"26":1,"27":0,"28":0,"29":0,"30":0,"31":0,"32":0,"33":0,"34":0,"35":0,"36":0,"37":0,"38":0,"39":0,"40":0,"41":0,"42":0,"43":0,"44":0,"45":0,"46":0,"47":0,"48":0,"49":0,"50":0,"51":0,"52":0,"53":1,"54":0,"55":0,"56":0,"57":0,"58":0,"59":0,"60":0,"61":0,"62":0,"63":0,"64":0,"65":0},"f":{"0":0,"1":0,"2":0,"3":0,"4":0,"5":0},"b":{"0":[0,0],"1":[0,0],"2":[0],"3":[0],"4":[0],"5":[0],"6":[0],"7":[0,0],"8":[0,0],"9":[0,0],"10":[0,0],"11":[0,0],"12":[0,0],"13":[0,0],"14":[0,0],"15":[0,0]},"_coverageSchema":"1a1c01bbd47fc00a2c39e90264f33305004495a9","hash":"5a9290fcb6861cff79b191cbe201e1632f449e8c"}
,"/Users/ammartaeha/Desktop/CSC 190/JM-Comfort/server/middleware/requestLogger.js": {"path":"/Users/ammartaeha/Desktop/CSC 190/JM-Comfort/server/middleware/requestLogger.js","statementMap":{"0":{"start":{"line":1,"column":15},"end":{"line":1,"column":32}},"1":{"start":{"line":2,"column":15},"end":{"line":2,"column":42}},"2":{"start":{"line":4,"column":15},"end":{"line":8,"column":1}},"3":{"start":{"line":6,"column":4},"end":{"line":6,"column":50}},"4":{"start":{"line":10,"column":22},"end":{"line":13,"column":1}},"5":{"start":{"line":15,"column":0},"end":{"line":15,"column":31}}},"fnMap":{"0":{"name":"(anonymous_0)","decl":{"start":{"line":5,"column":9},"end":{"line":5,"column":10}},"loc":{"start":{"line":5,"column":22},"end":{"line":7,"column":3}},"line":5}},"branchMap":{},"s":{"0":1,"1":1,"2":1,"3":2,"4":1,"5":1},"f":{"0":2},"b":{},"_coverageSchema":"1a1c01bbd47fc00a2c39e90264f33305004495a9","hash":"6be650b1e1d03ad35fda56d6023108e9befffa02"}
,"/Users/ammartaeha/Desktop/CSC 190/JM-Comfort/server/middleware/requireAdmin.js": {"path":"/Users/ammartaeha/Desktop/CSC 190/JM-Comfort/server/middleware/requireAdmin.js","statementMap":{"0":{"start":{"line":7,"column":19},"end":{"line":7,"column":44}},"1":{"start":{"line":8,"column":2},"end":{"line":10,"column":3}},"2":{"start":{"line":9,"column":4},"end":{"line":9,"column":74}},"3":{"start":{"line":13,"column":4},"end":{"line":16,"column":11}},"4":{"start":{"line":18,"column":2},"end":{"line":18,"column":44}},"5":{"start":{"line":18,"column":30},"end":{"line":18,"column":44}},"6":{"start":{"line":19,"column":2},"end":{"line":19,"column":54}},"7":{"start":{"line":22,"column":0},"end":{"line":22,"column":30}}},"fnMap":{"0":{"name":"requireAdmin","decl":{"start":{"line":6,"column":9},"end":{"line":6,"column":21}},"loc":{"start":{"line":6,"column":38},"end":{"line":20,"column":1}},"line":6}},"branchMap":{"0":{"loc":{"start":{"line":8,"column":2},"end":{"line":10,"column":3}},"type":"if","locations":[{"start":{"line":8,"column":2},"end":{"line":10,"column":3}},{"start":{},"end":{}}],"line":8},"1":{"loc":{"start":{"line":13,"column":4},"end":{"line":16,"column":11}},"type":"binary-expr","locations":[{"start":{"line":13,"column":4},"end":{"line":13,"column":49}},{"start":{"line":14,"column":5},"end":{"line":16,"column":10}}],"line":13},"2":{"loc":{"start":{"line":13,"column":5},"end":{"line":13,"column":37}},"type":"binary-expr","locations":[{"start":{"line":13,"column":5},"end":{"line":13,"column":31}},{"start":{"line":13,"column":35},"end":{"line":13,"column":37}}],"line":13},"3":{"loc":{"start":{"line":14,"column":5},"end":{"line":16,"column":10}},"type":"cond-expr","locations":[{"start":{"line":15,"column":8},"end":{"line":15,"column":47}},{"start":{"line":16,"column":8},"end":{"line":16,"column":10}}],"line":14},"4":{"loc":{"start":{"line":14,"column":6},"end":{"line":14,"column":37}},"type":"binary-expr","locations":[{"start":{"line":14,"column":6},"end":{"line":14,"column":31}},{"start":{"line":14,"column":35},"end":{"line":14,"column":37}}],"line":14},"5":{"loc":{"start":{"line":18,"column":2},"end":{"line":18,"column":44}},"type":"if","locations":[{"start":{"line":18,"column":2},"end":{"line":18,"column":44}},{"start":{},"end":{}}],"line":18}},"s":{"0":30,"1":30,"2":3,"3":27,"4":27,"5":13,"6":14,"7":4},"f":{"0":30},"b":{"0":[3,27],"1":[27,15],"2":[27,15],"3":[5,10],"4":[15,10],"5":[13,14]},"_coverageSchema":"1a1c01bbd47fc00a2c39e90264f33305004495a9","hash":"133260458cdfd3ca7e35bd329a95f267f97948ec"}
,"/Users/ammartaeha/Desktop/CSC 190/JM-Comfort/server/middleware/validateinput.js": {"path":"/Users/ammartaeha/Desktop/CSC 190/JM-Comfort/server/middleware/validateinput.js","statementMap":{"0":{"start":{"line":2,"column":48},"end":{"line":2,"column":76}},"1":{"start":{"line":3,"column":12},"end":{"line":3,"column":26}},"2":{"start":{"line":6,"column":22},"end":{"line":23,"column":1}},"3":{"start":{"line":9,"column":4},"end":{"line":11,"column":5}},"4":{"start":{"line":10,"column":6},"end":{"line":10,"column":24}},"5":{"start":{"line":12,"column":4},"end":{"line":12,"column":17}},"6":{"start":{"line":17,"column":19},"end":{"line":17,"column":40}},"7":{"start":{"line":18,"column":4},"end":{"line":20,"column":5}},"8":{"start":{"line":19,"column":6},"end":{"line":19,"column":62}},"9":{"start":{"line":21,"column":4},"end":{"line":21,"column":11}},"10":{"start":{"line":25,"column":0},"end":{"line":25,"column":31}}},"fnMap":{"0":{"name":"(anonymous_0)","decl":{"start":{"line":8,"column":28},"end":{"line":8,"column":29}},"loc":{"start":{"line":8,"column":37},"end":{"line":13,"column":3}},"line":8},"1":{"name":"(anonymous_1)","decl":{"start":{"line":16,"column":2},"end":{"line":16,"column":3}},"loc":{"start":{"line":16,"column":22},"end":{"line":22,"column":3}},"line":16}},"branchMap":{"0":{"loc":{"start":{"line":9,"column":4},"end":{"line":11,"column":5}},"type":"if","locations":[{"start":{"line":9,"column":4},"end":{"line":11,"column":5}},{"start":{},"end":{}}],"line":9},"1":{"loc":{"start":{"line":18,"column":4},"end":{"line":20,"column":5}},"type":"if","locations":[{"start":{"line":18,"column":4},"end":{"line":20,"column":5}},{"start":{},"end":{}}],"line":18}},"s":{"0":1,"1":1,"2":1,"3":7,"4":7,"5":0,"6":2,"7":2,"8":0,"9":2,"10":1},"f":{"0":7,"1":2},"b":{"0":[7,0],"1":[0,2]},"_coverageSchema":"1a1c01bbd47fc00a2c39e90264f33305004495a9","hash":"1362875b6410b43c197e512548527c9b8edea680"}
,"/Users/ammartaeha/Desktop/CSC 190/JM-Comfort/server/routes/adminLogin.js": {"path":"/Users/ammartaeha/Desktop/CSC 190/JM-Comfort/server/routes/adminLogin.js","statementMap":{"0":{"start":{"line":1,"column":16},"end":{"line":1,"column":34}},"1":{"start":{"line":2,"column":15},"end":{"line":2,"column":32}},"2":{"start":{"line":3,"column":18},"end":{"line":3,"column":47}},"3":{"start":{"line":4,"column":15},"end":{"line":4,"column":31}},"4":{"start":{"line":6,"column":20},"end":{"line":6,"column":22}},"5":{"start":{"line":7,"column":16},"end":{"line":7,"column":20}},"6":{"start":{"line":9,"column":0},"end":{"line":13,"column":5}},"7":{"start":{"line":10,"column":2},"end":{"line":12,"column":3}},"8":{"start":{"line":11,"column":4},"end":{"line":11,"column":74}},"9":{"start":{"line":15,"column":21},"end":{"line":21,"column":2}},"10":{"start":{"line":23,"column":0},"end":{"line":34,"column":3}},"11":{"start":{"line":24,"column":2},"end":{"line":33,"column":3}},"12":{"start":{"line":25,"column":25},"end":{"line":25,"column":39}},"13":{"start":{"line":26,"column":4},"end":{"line":28,"column":5}},"14":{"start":{"line":27,"column":6},"end":{"line":27,"column":69}},"15":{"start":{"line":29,"column":4},"end":{"line":29,"column":57}},"16":{"start":{"line":30,"column":4},"end":{"line":30,"column":70}},"17":{"start":{"line":32,"column":4},"end":{"line":32,"column":71}},"18":{"start":{"line":36,"column":0},"end":{"line":53,"column":3}},"19":{"start":{"line":37,"column":2},"end":{"line":39,"column":3}},"20":{"start":{"line":38,"column":4},"end":{"line":38,"column":74}},"21":{"start":{"line":40,"column":18},"end":{"line":40,"column":32}},"22":{"start":{"line":41,"column":2},"end":{"line":43,"column":3}},"23":{"start":{"line":42,"column":4},"end":{"line":42,"column":62}},"24":{"start":{"line":44,"column":2},"end":{"line":52,"column":3}},"25":{"start":{"line":45,"column":18},"end":{"line":45,"column":54}},"26":{"start":{"line":46,"column":4},"end":{"line":48,"column":5}},"27":{"start":{"line":47,"column":6},"end":{"line":47,"column":68}},"28":{"start":{"line":49,"column":4},"end":{"line":49,"column":65}},"29":{"start":{"line":51,"column":4},"end":{"line":51,"column":59}},"30":{"start":{"line":55,"column":0},"end":{"line":55,"column":34}},"31":{"start":{"line":55,"column":24},"end":{"line":55,"column":33}},"32":{"start":{"line":56,"column":0},"end":{"line":56,"column":44}},"33":{"start":{"line":56,"column":27},"end":{"line":56,"column":41}},"34":{"start":{"line":58,"column":0},"end":{"line":58,"column":24}}},"fnMap":{"0":{"name":"(anonymous_0)","decl":{"start":{"line":9,"column":1},"end":{"line":9,"column":2}},"loc":{"start":{"line":9,"column":13},"end":{"line":13,"column":1}},"line":9},"1":{"name":"(anonymous_1)","decl":{"start":{"line":23,"column":25},"end":{"line":23,"column":26}},"loc":{"start":{"line":23,"column":45},"end":{"line":34,"column":1}},"line":23},"2":{"name":"(anonymous_2)","decl":{"start":{"line":36,"column":36},"end":{"line":36,"column":37}},"loc":{"start":{"line":36,"column":56},"end":{"line":53,"column":1}},"line":36},"3":{"name":"(anonymous_3)","decl":{"start":{"line":55,"column":18},"end":{"line":55,"column":19}},"loc":{"start":{"line":55,"column":24},"end":{"line":55,"column":33}},"line":55},"4":{"name":"(anonymous_4)","decl":{"start":{"line":56,"column":18},"end":{"line":56,"column":19}},"loc":{"start":{"line":56,"column":25},"end":{"line":56,"column":43}},"line":56}},"branchMap":{"0":{"loc":{"start":{"line":10,"column":2},"end":{"line":12,"column":3}},"type":"if","locations":[{"start":{"line":10,"column":2},"end":{"line":12,"column":3}},{"start":{},"end":{}}],"line":10},"1":{"loc":{"start":{"line":25,"column":25},"end":{"line":25,"column":39}},"type":"binary-expr","locations":[{"start":{"line":25,"column":25},"end":{"line":25,"column":33}},{"start":{"line":25,"column":37},"end":{"line":25,"column":39}}],"line":25},"2":{"loc":{"start":{"line":26,"column":4},"end":{"line":28,"column":5}},"type":"if","locations":[{"start":{"line":26,"column":4},"end":{"line":28,"column":5}},{"start":{},"end":{}}],"line":26},"3":{"loc":{"start":{"line":37,"column":2},"end":{"line":39,"column":3}},"type":"if","locations":[{"start":{"line":37,"column":2},"end":{"line":39,"column":3}},{"start":{},"end":{}}],"line":37},"4":{"loc":{"start":{"line":40,"column":18},"end":{"line":40,"column":32}},"type":"binary-expr","locations":[{"start":{"line":40,"column":18},"end":{"line":40,"column":26}},{"start":{"line":40,"column":30},"end":{"line":40,"column":32}}],"line":40},"5":{"loc":{"start":{"line":41,"column":2},"end":{"line":43,"column":3}},"type":"if","locations":[{"start":{"line":41,"column":2},"end":{"line":43,"column":3}},{"start":{},"end":{}}],"line":41},"6":{"loc":{"start":{"line":46,"column":4},"end":{"line":48,"column":5}},"type":"if","locations":[{"start":{"line":46,"column":4},"end":{"line":48,"column":5}},{"start":{},"end":{}}],"line":46}},"s":{"0":9,"1":9,"2":9,"3":9,"4":9,"5":9,"6":9,"7":9,"8":5,"9":9,"10":9,"11":0,"12":0,"13":0,"14":0,"15":0,"16":0,"17":0,"18":9,"19":19,"20":19,"21":0,"22":0,"23":0,"24":0,"25":0,"26":0,"27":0,"28":0,"29":0,"30":9,"31":0,"32":9,"33":0,"34":9},"f":{"0":9,"1":0,"2":19,"3":0,"4":0},"b":{"0":[5,4],"1":[0,0],"2":[0,0],"3":[19,0],"4":[0,0],"5":[0,0],"6":[0,0]},"_coverageSchema":"1a1c01bbd47fc00a2c39e90264f33305004495a9","hash":"7cb87f2303f514b279e69ae1523c87a4189dfa3e"}
,"/Users/ammartaeha/Desktop/CSC 190/JM-Comfort/server/routes/analytics.js": {"path":"/Users/ammartaeha/Desktop/CSC 190/JM-Comfort/server/routes/analytics.js","statementMap":{"0":{"start":{"line":2,"column":16},"end":{"line":2,"column":34}},"1":{"start":{"line":3,"column":25},"end":{"line":3,"column":70}},"2":{"start":{"line":4,"column":21},"end":{"line":4,"column":58}},"3":{"start":{"line":6,"column":15},"end":{"line":6,"column":31}},"4":{"start":{"line":12,"column":0},"end":{"line":12,"column":44}},"5":{"start":{"line":14,"column":0},"end":{"line":14,"column":24}}},"fnMap":{},"branchMap":{},"s":{"0":3,"1":3,"2":3,"3":3,"4":3,"5":3},"f":{},"b":{},"_coverageSchema":"1a1c01bbd47fc00a2c39e90264f33305004495a9","hash":"3de0be466d29b6c443ff75c7500ff48a72475a1c"}
,"/Users/ammartaeha/Desktop/CSC 190/JM-Comfort/server/routes/analyticsSummary.js": {"path":"/Users/ammartaeha/Desktop/CSC 190/JM-Comfort/server/routes/analyticsSummary.js","statementMap":{"0":{"start":{"line":1,"column":16},"end":{"line":1,"column":34}},"1":{"start":{"line":2,"column":23},"end":{"line":2,"column":75}},"2":{"start":{"line":4,"column":15},"end":{"line":4,"column":31}},"3":{"start":{"line":7,"column":19},"end":{"line":7,"column":44}},"4":{"start":{"line":8,"column":2},"end":{"line":10,"column":3}},"5":{"start":{"line":9,"column":4},"end":{"line":9,"column":74}},"6":{"start":{"line":12,"column":4},"end":{"line":15,"column":11}},"7":{"start":{"line":16,"column":2},"end":{"line":16,"column":44}},"8":{"start":{"line":16,"column":30},"end":{"line":16,"column":44}},"9":{"start":{"line":17,"column":2},"end":{"line":17,"column":54}},"10":{"start":{"line":20,"column":0},"end":{"line":20,"column":42}},"11":{"start":{"line":22,"column":0},"end":{"line":22,"column":24}}},"fnMap":{"0":{"name":"requireAdmin","decl":{"start":{"line":6,"column":9},"end":{"line":6,"column":21}},"loc":{"start":{"line":6,"column":38},"end":{"line":18,"column":1}},"line":6}},"branchMap":{"0":{"loc":{"start":{"line":8,"column":2},"end":{"line":10,"column":3}},"type":"if","locations":[{"start":{"line":8,"column":2},"end":{"line":10,"column":3}},{"start":{},"end":{}}],"line":8},"1":{"loc":{"start":{"line":12,"column":4},"end":{"line":15,"column":11}},"type":"binary-expr","locations":[{"start":{"line":12,"column":4},"end":{"line":12,"column":49}},{"start":{"line":13,"column":5},"end":{"line":15,"column":10}}],"line":12},"2":{"loc":{"start":{"line":12,"column":5},"end":{"line":12,"column":37}},"type":"binary-expr","locations":[{"start":{"line":12,"column":5},"end":{"line":12,"column":31}},{"start":{"line":12,"column":35},"end":{"line":12,"column":37}}],"line":12},"3":{"loc":{"start":{"line":13,"column":5},"end":{"line":15,"column":10}},"type":"cond-expr","locations":[{"start":{"line":14,"column":8},"end":{"line":14,"column":47}},{"start":{"line":15,"column":8},"end":{"line":15,"column":10}}],"line":13},"4":{"loc":{"start":{"line":13,"column":6},"end":{"line":13,"column":37}},"type":"binary-expr","locations":[{"start":{"line":13,"column":6},"end":{"line":13,"column":31}},{"start":{"line":13,"column":35},"end":{"line":13,"column":37}}],"line":13},"5":{"loc":{"start":{"line":16,"column":2},"end":{"line":16,"column":44}},"type":"if","locations":[{"start":{"line":16,"column":2},"end":{"line":16,"column":44}},{"start":{},"end":{}}],"line":16}},"s":{"0":2,"1":2,"2":2,"3":12,"4":12,"5":1,"6":11,"7":11,"8":9,"9":2,"10":2,"11":2},"f":{"0":12},"b":{"0":[1,11],"1":[11,1],"2":[11,1],"3":[0,1],"4":[1,1],"5":[9,2]},"_coverageSchema":"1a1c01bbd47fc00a2c39e90264f33305004495a9","hash":"ef2343e298d4e493394fca7ddc2b4e61bec8b164"}
,"/Users/ammartaeha/Desktop/CSC 190/JM-Comfort/server/routes/appointments.js": {"path":"/Users/ammartaeha/Desktop/CSC 190/JM-Comfort/server/routes/appointments.js","statementMap":{"0":{"start":{"line":1,"column":16},"end":{"line":1,"column":34}},"1":{"start":{"line":2,"column":15},"end":{"line":2,"column":31}},"2":{"start":{"line":3,"column":30},"end":{"line":3,"column":77}},"3":{"start":{"line":6,"column":0},"end":{"line":6,"column":58}},"4":{"start":{"line":9,"column":0},"end":{"line":9,"column":77}},"5":{"start":{"line":12,"column":0},"end":{"line":12,"column":71}},"6":{"start":{"line":15,"column":0},"end":{"line":15,"column":69}},"7":{"start":{"line":18,"column":0},"end":{"line":18,"column":75}},"8":{"start":{"line":21,"column":0},"end":{"line":21,"column":63}},"9":{"start":{"line":23,"column":0},"end":{"line":23,"column":24}}},"fnMap":{},"branchMap":{},"s":{"0":3,"1":3,"2":3,"3":3,"4":3,"5":3,"6":3,"7":3,"8":3,"9":3},"f":{},"b":{},"_coverageSchema":"1a1c01bbd47fc00a2c39e90264f33305004495a9","hash":"0d224a65ddaa4eb16d06491f76cee7798760ee34"}
,"/Users/ammartaeha/Desktop/CSC 190/JM-Comfort/server/routes/feedback.js": {"path":"/Users/ammartaeha/Desktop/CSC 190/JM-Comfort/server/routes/feedback.js","statementMap":{"0":{"start":{"line":1,"column":16},"end":{"line":1,"column":34}},"1":{"start":{"line":2,"column":43},"end":{"line":2,"column":87}},"2":{"start":{"line":4,"column":15},"end":{"line":4,"column":31}},"3":{"start":{"line":10,"column":0},"end":{"line":10,"column":32}},"4":{"start":{"line":16,"column":0},"end":{"line":16,"column":33}},"5":{"start":{"line":18,"column":0},"end":{"line":18,"column":24}}},"fnMap":{},"branchMap":{},"s":{"0":1,"1":1,"2":1,"3":1,"4":1,"5":1},"f":{},"b":{},"_coverageSchema":"1a1c01bbd47fc00a2c39e90264f33305004495a9","hash":"e18c88cff6fb3f0d25bf680760be2b615074d0bb"}
,"/Users/ammartaeha/Desktop/CSC 190/JM-Comfort/server/routes/gallery.js": {"path":"/Users/ammartaeha/Desktop/CSC 190/JM-Comfort/server/routes/gallery.js","statementMap":{"0":{"start":{"line":1,"column":16},"end":{"line":1,"column":34}},"1":{"start":{"line":2,"column":15},"end":{"line":2,"column":32}},"2":{"start":{"line":3,"column":15},"end":{"line":3,"column":32}},"3":{"start":{"line":4,"column":13},"end":{"line":4,"column":28}},"4":{"start":{"line":5,"column":13},"end":{"line":5,"column":36}},"5":{"start":{"line":6,"column":73},"end":{"line":6,"column":96}},"6":{"start":{"line":8,"column":15},"end":{"line":8,"column":31}},"7":{"start":{"line":10,"column":27},"end":{"line":10,"column":68}},"8":{"start":{"line":11,"column":27},"end":{"line":11,"column":70}},"9":{"start":{"line":12,"column":22},"end":{"line":12,"column":37}},"10":{"start":{"line":13,"column":23},"end":{"line":13,"column":25}},"11":{"start":{"line":15,"column":20},"end":{"line":19,"column":1}},"12":{"start":{"line":21,"column":15},"end":{"line":50,"column":2}},"13":{"start":{"line":25,"column":4},"end":{"line":31,"column":5}},"14":{"start":{"line":26,"column":6},"end":{"line":30,"column":8}},"15":{"start":{"line":32,"column":16},"end":{"line":32,"column":61}},"16":{"start":{"line":33,"column":4},"end":{"line":39,"column":5}},"17":{"start":{"line":34,"column":6},"end":{"line":38,"column":8}},"18":{"start":{"line":40,"column":22},"end":{"line":40,"column":48}},"19":{"start":{"line":41,"column":4},"end":{"line":47,"column":5}},"20":{"start":{"line":42,"column":6},"end":{"line":46,"column":8}},"21":{"start":{"line":48,"column":4},"end":{"line":48,"column":19}},"22":{"start":{"line":53,"column":20},"end":{"line":53,"column":30}},"23":{"start":{"line":54,"column":19},"end":{"line":54,"column":38}},"24":{"start":{"line":55,"column":14},"end":{"line":55,"column":54}},"25":{"start":{"line":56,"column":19},"end":{"line":59,"column":21}},"26":{"start":{"line":60,"column":2},"end":{"line":60,"column":62}},"27":{"start":{"line":64,"column":19},"end":{"line":64,"column":44}},"28":{"start":{"line":65,"column":2},"end":{"line":67,"column":3}},"29":{"start":{"line":66,"column":4},"end":{"line":66,"column":59}},"30":{"start":{"line":70,"column":4},"end":{"line":73,"column":11}},"31":{"start":{"line":75,"column":2},"end":{"line":75,"column":44}},"32":{"start":{"line":75,"column":30},"end":{"line":75,"column":44}},"33":{"start":{"line":77,"column":2},"end":{"line":77,"column":57}},"34":{"start":{"line":84,"column":0},"end":{"line":161,"column":3}},"35":{"start":{"line":85,"column":2},"end":{"line":111,"column":5}},"36":{"start":{"line":86,"column":4},"end":{"line":109,"column":5}},"37":{"start":{"line":87,"column":6},"end":{"line":92,"column":7}},"38":{"start":{"line":88,"column":8},"end":{"line":91,"column":11}},"39":{"start":{"line":93,"column":6},"end":{"line":98,"column":7}},"40":{"start":{"line":94,"column":8},"end":{"line":97,"column":11}},"41":{"start":{"line":99,"column":6},"end":{"line":104,"column":7}},"42":{"start":{"line":100,"column":8},"end":{"line":103,"column":11}},"43":{"start":{"line":105,"column":6},"end":{"line":108,"column":9}},"44":{"start":{"line":110,"column":4},"end":{"line":110,"column":11}},"45":{"start":{"line":113,"column":2},"end":{"line":115,"column":3}},"46":{"start":{"line":114,"column":4},"end":{"line":114,"column":64}},"47":{"start":{"line":117,"column":19},"end":{"line":117,"column":21}},"48":{"start":{"line":118,"column":17},"end":{"line":118,"column":19}},"49":{"start":{"line":120,"column":2},"end":{"line":150,"column":3}},"50":{"start":{"line":121,"column":18},"end":{"line":121,"column":50}},"51":{"start":{"line":122,"column":18},"end":{"line":122,"column":109}},"52":{"start":{"line":124,"column":4},"end":{"line":149,"column":5}},"53":{"start":{"line":125,"column":6},"end":{"line":133,"column":8}},"54":{"start":{"line":135,"column":6},"end":{"line":139,"column":8}},"55":{"start":{"line":141,"column":6},"end":{"line":145,"column":9}},"56":{"start":{"line":147,"column":6},"end":{"line":147,"column":85}},"57":{"start":{"line":148,"column":6},"end":{"line":148,"column":71}},"58":{"start":{"line":152,"column":2},"end":{"line":157,"column":3}},"59":{"start":{"line":153,"column":4},"end":{"line":156,"column":7}},"60":{"start":{"line":159,"column":17},"end":{"line":159,"column":46}},"61":{"start":{"line":160,"column":2},"end":{"line":160,"column":55}},"62":{"start":{"line":167,"column":0},"end":{"line":244,"column":3}},"63":{"start":{"line":168,"column":2},"end":{"line":194,"column":5}},"64":{"start":{"line":169,"column":4},"end":{"line":192,"column":5}},"65":{"start":{"line":170,"column":6},"end":{"line":175,"column":7}},"66":{"start":{"line":171,"column":8},"end":{"line":174,"column":11}},"67":{"start":{"line":176,"column":6},"end":{"line":181,"column":7}},"68":{"start":{"line":177,"column":8},"end":{"line":180,"column":11}},"69":{"start":{"line":182,"column":6},"end":{"line":187,"column":7}},"70":{"start":{"line":183,"column":8},"end":{"line":186,"column":11}},"71":{"start":{"line":188,"column":6},"end":{"line":191,"column":9}},"72":{"start":{"line":193,"column":4},"end":{"line":193,"column":11}},"73":{"start":{"line":196,"column":2},"end":{"line":198,"column":3}},"74":{"start":{"line":197,"column":4},"end":{"line":197,"column":64}},"75":{"start":{"line":200,"column":19},"end":{"line":200,"column":21}},"76":{"start":{"line":201,"column":17},"end":{"line":201,"column":19}},"77":{"start":{"line":203,"column":2},"end":{"line":233,"column":3}},"78":{"start":{"line":204,"column":18},"end":{"line":204,"column":50}},"79":{"start":{"line":205,"column":18},"end":{"line":205,"column":109}},"80":{"start":{"line":207,"column":4},"end":{"line":232,"column":5}},"81":{"start":{"line":208,"column":6},"end":{"line":216,"column":8}},"82":{"start":{"line":218,"column":6},"end":{"line":222,"column":8}},"83":{"start":{"line":224,"column":6},"end":{"line":228,"column":9}},"84":{"start":{"line":230,"column":6},"end":{"line":230,"column":85}},"85":{"start":{"line":231,"column":6},"end":{"line":231,"column":71}},"86":{"start":{"line":235,"column":2},"end":{"line":240,"column":3}},"87":{"start":{"line":236,"column":4},"end":{"line":239,"column":7}},"88":{"start":{"line":242,"column":17},"end":{"line":242,"column":46}},"89":{"start":{"line":243,"column":2},"end":{"line":243,"column":55}},"90":{"start":{"line":250,"column":0},"end":{"line":277,"column":3}},"91":{"start":{"line":251,"column":2},"end":{"line":276,"column":3}},"92":{"start":{"line":252,"column":19},"end":{"line":255,"column":5}},"93":{"start":{"line":257,"column":4},"end":{"line":259,"column":5}},"94":{"start":{"line":258,"column":6},"end":{"line":258,"column":64}},"95":{"start":{"line":261,"column":18},"end":{"line":261,"column":25}},"96":{"start":{"line"
[...]
"line":188,"column":0},"end":{"line":209,"column":3}},"68":{"start":{"line":189,"column":2},"end":{"line":208,"column":3}},"69":{"start":{"line":190,"column":15},"end":{"line":190,"column":36}},"70":{"start":{"line":191,"column":4},"end":{"line":193,"column":5}},"71":{"start":{"line":192,"column":6},"end":{"line":192,"column":59}},"72":{"start":{"line":195,"column":19},"end":{"line":198,"column":5}},"73":{"start":{"line":200,"column":4},"end":{"line":202,"column":5}},"74":{"start":{"line":201,"column":6},"end":{"line":201,"column":58}},"75":{"start":{"line":204,"column":4},"end":{"line":204,"column":49}},"76":{"start":{"line":206,"column":4},"end":{"line":206,"column":64}},"77":{"start":{"line":207,"column":4},"end":{"line":207,"column":68}},"78":{"start":{"line":211,"column":0},"end":{"line":211,"column":24}}},"fnMap":{"0":{"name":"normStr","decl":{"start":{"line":10,"column":9},"end":{"line":10,"column":16}},"loc":{"start":{"line":10,"column":20},"end":{"line":12,"column":1}},"line":10},"1":{"name":"normLower","decl":{"start":{"line":13,"column":9},"end":{"line":13,"column":18}},"loc":{"start":{"line":13,"column":22},"end":{"line":15,"column":1}},"line":13},"2":{"name":"normalizeLead","decl":{"start":{"line":16,"column":9},"end":{"line":16,"column":22}},"loc":{"start":{"line":16,"column":29},"end":{"line":29,"column":1}},"line":16},"3":{"name":"computeDedupeHash","decl":{"start":{"line":30,"column":9},"end":{"line":30,"column":26}},"loc":{"start":{"line":30,"column":33},"end":{"line":44,"column":1}},"line":30},"4":{"name":"(anonymous_4)","decl":{"start":{"line":50,"column":17},"end":{"line":50,"column":18}},"loc":{"start":{"line":50,"column":37},"end":{"line":145,"column":1}},"line":50},"5":{"name":"(anonymous_5)","decl":{"start":{"line":152,"column":41},"end":{"line":152,"column":42}},"loc":{"start":{"line":152,"column":61},"end":{"line":182,"column":1}},"line":152},"6":{"name":"(anonymous_6)","decl":{"start":{"line":188,"column":45},"end":{"line":188,"column":46}},"loc":{"start":{"line":188,"column":65},"end":{"line":209,"column":1}},"line":188}},"branchMap":{"0":{"loc":{"start":{"line":11,"column":10},"end":{"line":11,"column":17}},"type":"binary-expr","locations":[{"start":{"line":11,"column":10},"end":{"line":11,"column":11}},{"start":{"line":11,"column":15},"end":{"line":11,"column":17}}],"line":11},"1":{"loc":{"start":{"line":19,"column":16},"end":{"line":19,"column":48}},"type":"binary-expr","locations":[{"start":{"line":19,"column":16},"end":{"line":19,"column":40}},{"start":{"line":19,"column":44},"end":{"line":19,"column":48}}],"line":19},"2":{"loc":{"start":{"line":20,"column":15},"end":{"line":20,"column":46}},"type":"binary-expr","locations":[{"start":{"line":20,"column":15},"end":{"line":20,"column":38}},{"start":{"line":20,"column":42},"end":{"line":20,"column":46}}],"line":20},"3":{"loc":{"start":{"line":21,"column":10},"end":{"line":21,"column":36}},"type":"binary-expr","locations":[{"start":{"line":21,"column":10},"end":{"line":21,"column":28}},{"start":{"line":21,"column":32},"end":{"line":21,"column":36}}],"line":21},"4":{"loc":{"start":{"line":22,"column":21},"end":{"line":22,"column":37}},"type":"binary-expr","locations":[{"start":{"line":22,"column":21},"end":{"line":22,"column":31}},{"start":{"line":22,"column":35},"end":{"line":22,"column":37}}],"line":22},"5":{"loc":{"start":{"line":24,"column":15},"end":{"line":24,"column":51}},"type":"binary-expr","locations":[{"start":{"line":24,"column":15},"end":{"line":24,"column":38}},{"start":{"line":24,"column":42},"end":{"line":24,"column":51}}],"line":24},"6":{"loc":{"start":{"line":25,"column":18},"end":{"line":25,"column":52}},"type":"binary-expr","locations":[{"start":{"line":25,"column":18},"end":{"line":25,"column":44}},{"start":{"line":25,"column":48},"end":{"line":25,"column":52}}],"line":25},"7":{"loc":{"start":{"line":26,"column":13},"end":{"line":26,"column":42}},"type":"binary-expr","locations":[{"start":{"line":26,"column":13},"end":{"line":26,"column":34}},{"start":{"line":26,"column":38},"end":{"line":26,"column":42}}],"line":26},"8":{"loc":{"start":{"line":27,"column":12},"end":{"line":27,"column":40}},"type":"binary-expr","locations":[{"start":{"line":27,"column":12},"end":{"line":27,"column":32}},{"start":{"line":27,"column":36},"end":{"line":27,"column":40}}],"line":27},"9":{"loc":{"start":{"line":58,"column":4},"end":{"line":64,"column":5}},"type":"if","locations":[{"start":{"line":58,"column":4},"end":{"line":64,"column":5}},{"start":{"line":60,"column":11},"end":{"line":64,"column":5}}],"line":58},"10":{"loc":{"start":{"line":60,"column":11},"end":{"line":64,"column":5}},"type":"if","locations":[{"start":{"line":60,"column":11},"end":{"line":64,"column":5}},{"start":{"line":62,"column":11},"end":{"line":64,"column":5}}],"line":60},"11":{"loc":{"start":{"line":62,"column":11},"end":{"line":64,"column":5}},"type":"if","locations":[{"start":{"line":62,"column":11},"end":{"line":64,"column":5}},{"start":{},"end":{}}],"line":62},"12":{"loc":{"start":{"line":66,"column":4},"end":{"line":68,"column":5}},"type":"if","locations":[{"start":{"line":66,"column":4},"end":{"line":68,"column":5}},{"start":{},"end":{}}],"line":66},"13":{"loc":{"start":{"line":66,"column":8},"end":{"line":66,"column":43}},"type":"binary-expr","locations":[{"start":{"line":66,"column":8},"end":{"line":66,"column":17}},{"start":{"line":66,"column":21},"end":{"line":66,"column":43}}],"line":66},"14":{"loc":{"start":{"line":70,"column":4},"end":{"line":72,"column":5}},"type":"if","locations":[{"start":{"line":70,"column":4},"end":{"line":72,"column":5}},{"start":{},"end":{}}],"line":70},"15":{"loc":{"start":{"line":70,"column":8},"end":{"line":70,"column":54}},"type":"binary-expr","locations":[{"start":{"line":70,"column":8},"end":{"line":70,"column":23}},{"start":{"line":70,"column":27},"end":{"line":70,"column":54}}],"line":70},"16":{"loc":{"start":{"line":74,"column":4},"end":{"line":76,"column":5}},"type":"if","locations":[{"start":{"line":74,"column":4},"end":{"line":76,"column":5}},{"start":{},"end":{}}],"line":74},"17":{"loc":{"start":{"line":74,"column":8},"end":{"line":74,"column":52}},"type":"binary-expr","locations":[{"start":{"line":74,"column":8},"end":{"line":74,"column":22}},{"start":{"line":74,"column":26},"end":{"line":74,"column":52}}],"line":74},"18":{"loc":{"start":{"line":78,"column":4},"end":{"line":80,"column":5}},"type":"if","locations":[{"start":{"line":78,"column":4},"end":{"line":80,"column":5}},{"start":{},"end":{}}],"line":78},"19":{"loc":{"start":{"line":78,"column":8},"end":{"line":78,"column":44}},"type":"binary-expr","locations":[{"start":{"line":78,"column":8},"end":{"line":78,"column":18}},{"start":{"line":78,"column":22},"end":{"line":78,"column":44}}],"line":78},"20":{"loc":{"start":{"line":82,"column":4},"end":{"line":84,"column":5}},"type":"if","locations":[{"start":{"line":82,"column":4},"end":{"line":84,"column":5}},{"start":{},"end":{}}],"line":82},"21":{"loc":{"start":{"line":82,"column":8},"end":{"line":82,"column":58}},"type":"binary-expr","locations":[{"start":{"line":82,"column":8},"end":{"line":82,"column":25}},{"start":{"line":82,"column":29},"end":{"line":82,"column":58}}],"line":82},"22":{"loc":{"start":{"line":86,"column":4},"end":{"line":88,"column":5}},"type":"if","locations":[{"start":{"line":86,"column":4},"end":{"line":88,"column":5}},{"start":{},"end":{}}],"line":86},"23":{"loc":{"start":{"line":86,"column":8},"end":{"line":86,"column":47}},"type":"binary-expr","locations":[{"start":{"line":86,"column":8},"end":{"line":86,"column":19}},{"start":{"line":86,"column":23},"end":{"line":86,"column":47}}],"line":86},"24":{"loc":{"start":{"line":90,"column":4},"end":{"line":92,"column":5}},"type":"if","locations":[{"start":{"line":90,"column":4},"end":{"line":92,"column":5}},{"start":{},"end":{}}],"line":90},"25":{"loc":{"start":{"line":90,"column":8},"end":{"line":90,"column":50}},"type":"binary-expr","locations":[{"start":{"line":90,"column":8},"end":{"line":90,"column":20}},{"start":{"line":90,"column":24},"end":{"line":90,"column":50}}],"line":90},"26":{"loc":{"start":{"line":94,"column":4},"end":{"line":96,"column":5}},"type":"if","locations":[{"start":{"line":94,"column":4},"end":{"line":96,"column":5}},{"start":{},"end":{}}],"line":94},"27":{"loc":{"start":{"line":99,"column":4},"end":{"line":101,"column":5}},"type":"if","locations":[{"start":{"line":99,"column":4},"end":{"line":101,"column":5}},{"start":{},"end":{}}],"line":99},"28":{"loc":{"start":{"line":99,"column":8},"end":{"line":99,"column":57}},"type":"binary-expr","locations":[{"start":{"line":99,"column":8},"end":{"line":99,"column":18}},{"start":{"line":99,"column":22},"end":{"line":99,"column":38}},{"start":{"line":99,"column":42},"end":{"line":99,"column":57}}],"line":99},"29":{"loc":{"start":{"line":103,"column":4},"end":{"line":108,"column":5}},"type":"if","locations":[{"start":{"line":103,"column":4},"end":{"line":108,"column":5}},{"start":{},"end":{}}],"line":103},"30":{"loc":{"start":{"line":124,"column":6},"end":{"line":124,"column":24}},"type":"binary-expr","locations":[{"start":{"line":124,"column":6},"end":{"line":124,"column":16}},{"start":{"line":124,"column":20},"end":{"line":124,"column":24}}],"line":124},"31":{"loc":{"start":{"line":126,"column":6},"end":{"line":126,"column":31}},"type":"binary-expr","locations":[{"start":{"line":126,"column":6},"end":{"line":126,"column":23}},{"start":{"line":126,"column":27},"end":{"line":126,"column":31}}],"line":126},"32":{"loc":{"start":{"line":127,"column":6},"end":{"line":127,"column":26}},"type":"binary-expr","locations":[{"start":{"line":127,"column":6},"end":{"line":127,"column":18}},{"start":{"line":127,"column":22},"end":{"line":127,"column":26}}],"line":127},"33":{"loc":{"start":{"line":133,"column":4},"end":{"line":138,"column":5}},"type":"if","locations":[{"start":{"line":133,"column":4},"end":{"line":138,"column":5}},{"start":{},"end":{}}],"line":133},"34":{"loc":{"start":{"line":133,"column":8},"end":{"line":133,"column":46}},"type":"binary-expr","locations":[{"start":{"line":133,"column":8},"end":{"line":133,"column":23}},{"start":{"line":133,"column":27},"end":{"line":133,"column":46}}],"line":133},"35":{"loc":{"start":{"line":154,"column":36},"end":{"line":154,"column":59}},"type":"binary-expr","locations":[{"start":{"line":154,"column":36},"end":{"line":154,"column":51}},{"start":{"line":154,"column":55},"end":{"line":154,"column":59}}],"line":154},"36":{"loc":{"start":{"line":155,"column":37},"end":{"line":155,"column":60}},"type":"binary-expr","locations":[{"start":{"line":155,"column":37},"end":{"line":155,"column":53}},{"start":{"line":155,"column":57},"end":{"line":155,"column":60}}],"line":155},"37":{"loc":{"start":{"line":156,"column":20},"end":{"line":156,"column":42}},"type":"binary-expr","locations":[{"start":{"line":156,"column":20},"end":{"line":156,"column":36}},{"start":{"line":156,"column":40},"end":{"line":156,"column":42}}],"line":156},"38":{"loc":{"start":{"line":161,"column":4},"end":{"line":164,"column":5}},"type":"if","locations":[{"start":{"line":161,"column":4},"end":{"line":164,"column":5}},{"start":{},"end":{}}],"line":161},"39":{"loc":{"start":{"line":171,"column":8},"end":{"line":171,"column":58}},"type":"cond-expr","locations":[{"start":{"line":171,"column":23},"end":{"line":171,"column":53}},{"start":{"line":171,"column":56},"end":{"line":171,"column":58}}],"line":171},"40":{"loc":{"start":{"line":191,"column":4},"end":{"line":193,"column":5}},"type":"if","locations":[{"start":{"line":191,"column":4},"end":{"line":193,"column":5}},{"start":{},"end":{}}],"line":191},"41":{"loc":{"start":{"line":191,"column":8},"end":{"line":191,"column":40}},"type":"binary-expr","locations":[{"start":{"line":191,"column":8},"end":{"line":191,"column":29}},{"start":{"line":191,"column":33},"end":{"line":191,"column":40}}],"line":191},"42":{"loc":{"start":{"line":200,"column":4},"end":{"line":202,"column":5}},"type":"if","locations":[{"start":{"line":200,"column":4},"end":{"line":202,"column":5}},{"start":{},"end":{}}],"line":200},"43":{"loc":{"start":{"line":200,"column":8},"end":{"line":200,"column":34}},"type":"binary-expr","locations":[{"start":{"line":200,"column":8},"end":{"line":200,"column":13}},{"start":{"line":200,"column":17},"end":{"line":200,"column":34}}],"line":200}},"s":{"0":2,"1":2,"2":2,"3":2,"4":2,"5":18,"6":2,"7":2,"8":2,"9":0,"10":0,"11":2,"12":2,"13":2,"14":2,"15":2,"16":2,"17":1,"18":1,"19":1,"20":0,"21":0,"22":2,"23":0,"24":2,"25":0,"26":2,"27":0,"28":2,"29":0,"30":2,"31":0,"32":2,"33":0,"34":2,"35":0,"36":2,"37":0,"38":2,"39":0,"40":2,"41":2,"42":0,"43":0,"44":0,"45":0,"46":0,"47":0,"48":0,"49":0,"50":0,"51":2,"52":2,"53":2,"54":2,"55":2,"56":2,"57":2,"58":2,"59":0,"60":0,"61":2,"62":2,"63":2,"64":2,"65":0,"66":0,"67":2,"68":0,"69":0,"70":0,"71":0,"72":0,"73":0,"74":0,"75":0,"76":0,"77":0,"78":2},"f":{"0":18,"1":2,"2":2,"3":0,"4":2,"5":2,"6":0},"b":{"0":[18,10],"1":[2,2],"2":[2,2],"3":[2,0],"4":[2,1],"5":[2,0],"6":[2,2],"7":[2,0],"8":[2,2],"9":[1,1],"10":[1,0],"11":[0,0],"12":[0,2],"13":[2,2],"14":[0,2],"15":[2,0],"16":[0,2],"17":[2,0],"18":[0,2],"19":[2,0],"20":[0,2],"21":[2,0],"22":[0,2],"23":[2,0],"24":[0,2],"25":[2,2],"26":[0,2],"27":[0,2],"28":[2,0,0],"29":[2,0],"30":[0,0],"31":[0,0],"32":[0,0],"33":[0,0],"34":[0,0],"35":[2,2],"36":[2,2],"37":[2,2],"38":[0,2],"39":[0,2],"40":[0,0],"41":[0,0],"42":[0,0],"43":[0,0]},"_coverageSchema":"1a1c01bbd47fc00a2c39e90264f33305004495a9","hash":"baf4abf58f004851d2769fc34afd4007f729368c"}
,"/Users/ammartaeha/Desktop/CSC 190/JM-Comfort/server/routes/projects.js": {"path":"/Users/ammartaeha/Desktop/CSC 190/JM-Comfort/server/routes/projects.js","statementMap":{"0":{"start":{"line":1,"column":16},"end":{"line":1,"column":34}},"1":{"start":{"line":2,"column":15},"end":{"line":2,"column":31}},"2":{"start":{"line":3,"column":26},"end":{"line":3,"column":69}},"3":{"start":{"line":5,"column":0},"end":{"line":5,"column":50}},"4":{"start":{"line":6,"column":0},"end":{"line":6,"column":53}},"5":{"start":{"line":7,"column":0},"end":{"line":7,"column":50}},"6":{"start":{"line":8,"column":0},"end":{"line":8,"column":52}},"7":{"start":{"line":9,"column":0},"end":{"line":9,"column":55}},"8":{"start":{"line":11,"column":0},"end":{"line":11,"column":24}}},"fnMap":{},"branchMap":{},"s":{"0":1,"1":1,"2":1,"3":1,"4":1,"5":1,"6":1,"7":1,"8":1},"f":{},"b":{},"_coverageSchema":"1a1c01bbd47fc00a2c39e90264f33305004495a9","hash":"3a878e18d2d3a664b7e44a106b1553339fc0258a"}
,"/Users/ammartaeha/Desktop/CSC 190/JM-Comfort/server/routes/sentryTest.js": {"path":"/Users/ammartaeha/Desktop/CSC 190/JM-Comfort/server/routes/sentryTest.js","statementMap":{"0":{"start":{"line":1,"column":16},"end":{"line":1,"column":34}},"1":{"start":{"line":2,"column":15},"end":{"line":2,"column":31}},"2":{"start":{"line":4,"column":0},"end":{"line":6,"column":3}},"3":{"start":{"line":5,"column":2},"end":{"line":5,"column":59}},"4":{"start":{"line":8,"column":0},"end":{"line":10,"column":3}},"5":{"start":{"line":9,"column":2},"end":{"line":9,"column":70}},"6":{"start":{"line":12,"column":0},"end":{"line":12,"column":24}}},"fnMap":{"0":{"name":"(anonymous_0)","decl":{"start":{"line":4,"column":26},"end":{"line":4,"column":27}},"loc":{"start":{"line":4,"column":46},"end":{"line":6,"column":1}},"line":4},"1":{"name":"(anonymous_1)","decl":{"start":{"line":8,"column":23},"end":{"line":8,"column":24}},"loc":{"start":{"line":8,"column":37},"end":{"line":10,"column":1}},"line":8}},"branchMap":{},"s":{"0":1,"1":1,"2":1,"3":0,"4":1,"5":0,"6":1},"f":{"0":0,"1":0},"b":{},"_coverageSchema":"1a1c01bbd47fc00a2c39e90264f33305004495a9","hash":"27db7c08ccb12b61a559b97fb2387c5e8d6e56a1"}
,"/Users/ammartaeha/Desktop/CSC 190/JM-Comfort/server/routes/services.js": {"path":"/Users/ammartaeha/Desktop/CSC 190/JM-Comfort/server/routes/services.js","statementMap":{"0":{"start":{"line":1,"column":16},"end":{"line":1,"column":34}},"1":{"start":{"line":2,"column":24},"end":{"line":2,"column":52}},"2":{"start":{"line":3,"column":27},"end":{"line":3,"column":71}},"3":{"start":{"line":5,"column":15},"end":{"line":5,"column":31}},"4":{"start":{"line":8,"column":0},"end":{"line":8,"column":51}},"5":{"start":{"line":11,"column":0},"end":{"line":22,"column":2}},"6":{"start":{"line":25,"column":0},"end":{"line":37,"column":2}},"7":{"start":{"line":40,"column":0},"end":{"line":44,"column":2}},"8":{"start":{"line":46,"column":0},"end":{"line":46,"column":24}}},"fnMap":{},"branchMap":{},"s":{"0":1,"1":1,"2":1,"3":1,"4":1,"5":1,"6":1,"7":1,"8":1},"f":{},"b":{},"_coverageSchema":"1a1c01bbd47fc00a2c39e90264f33305004495a9","hash":"b45b95a75175cd3f10f1acc90ca4c4b4dac160aa"}
,"/Users/ammartaeha/Desktop/CSC 190/JM-Comfort/server/utils/helpers.js": {"path":"/Users/ammartaeha/Desktop/CSC 190/JM-Comfort/server/utils/helpers.js","statementMap":{"0":{"start":{"line":1,"column":12},"end":{"line":1,"column":26}},"1":{"start":{"line":4,"column":2},"end":{"line":4,"column":55}},"2":{"start":{"line":4,"column":45},"end":{"line":4,"column":55}},"3":{"start":{"line":5,"column":2},"end":{"line":5,"column":46}},"4":{"start":{"line":5,"column":33},"end":{"line":5,"column":46}},"5":{"start":{"line":6,"column":2},"end":{"line":6,"column":27}},"6":{"start":{"line":10,"column":2},"end":{"line":10,"column":56}},"7":{"start":{"line":10,"column":43},"end":{"line":10,"column":56}},"8":{"start":{"line":11,"column":16},"end":{"line":11,"column":44}},"9":{"start":{"line":12,"column":2},"end":{"line":12,"column":34}},"10":{"start":{"line":16,"column":15},"end":{"line":16,"column":34}},"11":{"start":{"line":17,"column":2},"end":{"line":17,"column":41}},"12":{"start":{"line":17,"column":29},"end":{"line":17,"column":41}},"13":{"start":{"line":18,"column":2},"end":{"line":18,"column":42}},"14":{"start":{"line":21,"column":0},"end":{"line":21,"column":61}}},"fnMap":{"0":{"name":"sanitizeInput","decl":{"start":{"line":3,"column":9},"end":{"line":3,"column":22}},"loc":{"start":{"line":3,"column":30},"end":{"line":7,"column":1}},"line":3},"1":{"name":"isValidEmail","decl":{"start":{"line":9,"column":9},"end":{"line":9,"column":21}},"loc":{"start":{"line":9,"column":29},"end":{"line":13,"column":1}},"line":9},"2":{"name":"formatDate","decl":{"start":{"line":15,"column":9},"end":{"line":15,"column":19}},"loc":{"start":{"line":15,"column":31},"end":{"line":19,"column":1}},"line":15}},"branchMap":{"0":{"loc":{"start":{"line":4,"column":2},"end":{"line":4,"column":55}},"type":"if","locations":[{"start":{"line":4,"column":2},"end":{"line":4,"column":55}},{"start":{},"end":{}}],"line":4},"1":{"loc":{"start":{"line":4,"column":6},"end":{"line":4,"column":43}},"type":"binary-expr","locations":[{"start":{"line":4,"column":6},"end":{"line":4,"column":20}},{"start":{"line":4,"column":24},"end":{"line":4,"column":43}}],"line":4},"2":{"loc":{"start":{"line":5,"column":2},"end":{"line":5,"column":46}},"type":"if","locations":[{"start":{"line":5,"column":2},"end":{"line":5,"column":46}},{"start":{},"end":{}}],"line":5},"3":{"loc":{"start":{"line":10,"column":2},"end":{"line":10,"column":56}},"type":"if","locations":[{"start":{"line":10,"column":2},"end":{"line":10,"column":56}},{"start":{},"end":{}}],"line":10},"4":{"loc":{"start":{"line":10,"column":6},"end":{"line":10,"column":41}},"type":"binary-expr","locations":[{"start":{"line":10,"column":6},"end":{"line":10,"column":12}},{"start":{"line":10,"column":16},"end":{"line":10,"column":41}}],"line":10},"5":{"loc":{"start":{"line":17,"column":2},"end":{"line":17,"column":41}},"type":"if","locations":[{"start":{"line":17,"column":2},"end":{"line":17,"column":41}},{"start":{},"end":{}}],"line":17}},"s":{"0":1,"1":7,"2":2,"3":5,"4":2,"5":3,"6":9,"7":3,"8":6,"9":6,"10":6,"11":6,"12":2,"13":4,"14":1},"f":{"0":7,"1":9,"2":6},"b":{"0":[2,5],"1":[7,6],"2":[2,3],"3":[3,6],"4":[9,6],"5":[2,4]},"_coverageSchema":"1a1c01bbd47fc00a2c39e90264f33305004495a9","hash":"3dc83791a9d1f4d2d137d488ad742b3b1100e693"}
}
