TN:
SF:app.js
FN:58,(anonymous_0)
FN:84,(anonymous_1)
FN:100,(anonymous_2)
FN:116,(anonymous_3)
FNF:4
FNH:0
FNDA:0,(anonymous_0)
FNDA:0,(anonymous_1)
FNDA:0,(anonymous_2)
FNDA:0,(anonymous_3)
DA:1,1
DA:2,1
DA:3,1
DA:4,1
DA:7,1
DA:9,1
DA:10,0
DA:13,1
DA:14,1
DA:15,1
DA:16,1
DA:18,1
DA:19,1
DA:20,1
DA:21,1
DA:22,1
DA:23,1
DA:24,1
DA:25,1
DA:26,1
DA:27,1
DA:29,1
DA:30,1
DA:35,1
DA:36,1
DA:37,1
DA:38,1
DA:39,1
DA:44,1
DA:45,1
DA:46,1
DA:47,1
DA:48,1
DA:49,1
DA:50,1
DA:51,1
DA:52,1
DA:53,1
DA:58,1
DA:59,0
DA:60,0
DA:61,0
DA:62,0
DA:63,0
DA:65,0
DA:84,1
DA:85,0
DA:86,0
DA:87,0
DA:88,0
DA:89,0
DA:90,0
DA:92,0
DA:93,0
DA:96,0
DA:97,0
DA:101,0
DA:102,0
DA:105,0
DA:111,1
DA:116,1
DA:117,0
DA:125,0
DA:132,1
LF:64
LH:42
BRDA:9,0,0,0
BRDA:9,0,1,1
BRDA:77,1,0,0
BRDA:77,1,1,0
BRDA:87,2,0,0
BRDA:87,2,1,0
BRDA:92,3,0,0
BRDA:92,3,1,0
BRDA:122,4,0,0
BRDA:122,4,1,0
BRDA:125,5,0,0
BRDA:125,5,1,0
BRDA:126,6,0,0
BRDA:126,6,1,0
BRF:14
BRH:1
end_of_record
TN:
SF:config/database.js
FNF:0
FNH:0
DA:1,2
DA:2,2
DA:4,2
DA:14,2
LF:4
LH:4
BRDA:5,0,0,2
BRDA:5,0,1,1
BRDA:6,1,0,2
BRDA:6,1,1,1
BRDA:7,2,0,2
BRDA:7,2,1,2
BRDA:7,2,2,2
BRDA:8,3,0,2
BRDA:8,3,1,1
BRF:9
BRH:9
end_of_record
TN:
SF:config/db.js
FNF:0
FNH:0
DA:1,1
DA:3,1
DA:14,1
LF:3
LH:3
BRDA:5,0,0,1
BRDA:5,0,1,1
BRF:2
BRH:2
end_of_record
TN:
SF:config/logger.js
FN:39,(anonymous_0)
FNF:1
FNH:1
FNDA:2,(anonymous_0)
DA:1,1
DA:2,1
DA:3,1
DA:5,1
DA:7,1
DA:35,1
DA:36,1
DA:40,2
DA:41,2
DA:47,1
LF:10
LH:10
BRDA:8,0,0,1
BRDA:8,0,1,1
BRDA:35,1,0,1
BRDA:35,1,1,0
BRDA:40,2,0,2
BRDA:40,2,1,0
BRF:6
BRH:4
end_of_record
TN:
SF:config/s3.js
FNF:0
FNH:0
DA:1,1
DA:3,1
DA:11,1
DA:13,1
LF:4
LH:4
BRDA:4,0,0,1
BRDA:4,0,1,1
BRF:2
BRH:2
end_of_record
TN:
SF:config/sentry.js
FN:3,initSentry
FNF:1
FNH:1
FNDA:1,initSentry
DA:1,1
DA:4,1
DA:6,1
DA:7,1
DA:8,1
DA:11,0
DA:18,0
DA:21,1
LF:8
LH:6
BRDA:6,0,0,1
BRDA:6,0,1,0
BRDA:13,1,0,0
BRDA:13,1,1,0
BRDA:13,1,2,0
BRDA:14,2,0,0
BRDA:14,2,1,0
BRDA:15,3,0,0
BRDA:15,3,1,0
BRF:9
BRH:1
end_of_record
TN:
SF:config/validateEnv.js
FN:1,validateEnv
FN:19,(anonymous_1)
FN:23,(anonymous_2)
FNF:3
FNH:0
FNDA:0,validateEnv
FNDA:0,(anonymous_1)
FNDA:0,(anonymous_2)
DA:2,0
DA:19,0
DA:21,0
DA:22,0
DA:23,0
DA:24,0
DA:27,0
DA:30,1
LF:8
LH:1
BRDA:21,0,0,0
BRDA:21,0,1,0
BRF:2
BRH:0
end_of_record
TN:
SF:controllers/analyticsController.js
FN:16,getAnalytics
FNF:1
FNH:1
FNDA:9,getAnalytics
DA:2,3
DA:17,9
DA:28,9
DA:51,8
DA:52,8
DA:53,13
DA:56,8
DA:57,8
DA:58,13
DA:61,8
DA:62,8
DA:63,13
DA:66,8
DA:84,1
DA:85,1
DA:89,3
LF:16
LH:16
BRF:0
BRH:0
end_of_record
TN:
SF:controllers/analyticsSummaryController.js
FN:7,getSummary
FNF:1
FNH:1
FNDA:9,getSummary
DA:1,2
DA:8,9
DA:10,9
DA:11,9
DA:12,9
DA:14,9
DA:15,9
DA:16,9
DA:18,9
DA:19,9
DA:20,9
DA:22,9
DA:23,9
DA:30,9
DA:47,8
DA:49,8
DA:56,1
DA:57,1
DA:61,2
LF:19
LH:19
BRDA:12,0,0,0
BRDA:12,0,1,9
BRDA:53,1,0,6
BRDA:53,1,1,2
BRF:4
BRH:3
end_of_record
TN:
SF:controllers/appointmentController.js
FN:4,(anonymous_0)
FN:27,(anonymous_1)
FN:59,(anonymous_2)
FN:137,(anonymous_3)
FN:219,(anonymous_4)
FN:234,(anonymous_5)
FNF:6
FNH:3
FNDA:3,(anonymous_0)
FNDA:3,(anonymous_1)
FNDA:0,(anonymous_2)
FNDA:0,(anonymous_3)
FNDA:3,(anonymous_4)
FNDA:0,(anonymous_5)
DA:1,3
DA:4,3
DA:5,3
DA:6,3
DA:19,2
DA:21,1
DA:22,1
DA:27,3
DA:28,3
DA:29,3
DA:32,3
DA:33,3
DA:34,1
DA:37,2
DA:51,1
DA:53,1
DA:54,1
DA:59,3
DA:60,0
DA:62,0
DA:63,0
DA:65,0
DA:66,0
DA:69,0
DA:70,0
DA:74,0
DA:79,0
DA:80,0
DA:81,0
DA:84,0
DA:87,0
DA:88,0
DA:89,0
DA:95,0
DA:104,0
DA:105,0
DA:106,0
DA:110,0
DA:120,0
DA:122,0
DA:128,0
DA:129,0
DA:130,0
DA:132,0
DA:137,3
DA:138,0
DA:140,0
DA:141,0
DA:143,0
DA:144,0
DA:147,0
DA:148,0
DA:151,0
DA:152,0
DA:156,0
DA:161,0
DA:162,0
DA:163,0
DA:166,0
DA:169,0
DA:170,0
DA:171,0
DA:177,0
DA:186,0
DA:187,0
DA:188,0
DA:192,0
DA:202,0
DA:204,0
DA:210,0
DA:211,0
DA:212,0
DA:214,0
DA:219,3
DA:220,3
DA:221,3
DA:222,3
DA:223,2
DA:224,1
DA:226,1
DA:228,1
DA:229,1
DA:234,3
DA:235,0
DA:236,0
DA:237,0
DA:240,0
DA:241,0
DA:242,0
DA:245,0
DA:250,0
DA:251,0
DA:254,0
DA:257,0
DA:258,0
LF:95
LH:29
BRDA:33,0,0,1
BRDA:33,0,1,2
BRDA:69,1,0,0
BRDA:69,1,1,0
BRDA:79,2,0,0
BRDA:79,2,1,0
BRDA:87,3,0,0
BRDA:87,3,1,0
BRDA:102,4,0,0
BRDA:102,4,1,0
BRDA:104,5,0,0
BRDA:104,5,1,0
BRDA:147,6,0,0
BRDA:147,6,1,0
BRDA:151,7,0,0
BRDA:151,7,1,0
BRDA:151,8,0,0
BRDA:151,8,1,0
BRDA:161,9,0,0
BRDA:161,9,1,0
BRDA:169,10,0,0
BRDA:169,10,1,0
BRDA:184,11,0,0
BRDA:184,11,1,0
BRDA:186,12,0,0
BRDA:186,12,1,0
BRDA:223,13,0,1
BRDA:223,13,1,1
BRDA:241,14,0,0
BRDA:241,14,1,0
BRDA:250,15,0,0
BRDA:250,15,1,0
BRF:32
BRH:4
end_of_record
TN:
SF:controllers/feedbackController.js
FN:7,(anonymous_0)
FN:24,(anonymous_1)
FNF:2
FNH:0
FNDA:0,(anonymous_0)
FNDA:0,(anonymous_1)
DA:1,1
DA:7,1
DA:8,0
DA:9,0
DA:12,0
DA:14,0
DA:15,0
DA:24,1
DA:25,0
DA:26,0
DA:27,0
DA:29,0
DA:30,0
DA:33,0
DA:34,0
DA:37,0
DA:38,0
DA:45,0
DA:50,0
DA:58,0
DA:59,0
LF:21
LH:3
BRDA:26,0,0,0
BRDA:26,0,1,0
BRDA:29,1,0,0
BRDA:29,1,1,0
BRDA:33,2,0,0
BRDA:33,2,1,0
BRDA:37,3,0,0
BRDA:37,3,1,0
BRF:8
BRH:0
end_of_record
TN:
SF:controllers/projectController.js
FN:3,(anonymous_0)
FN:20,(anonymous_1)
FN:42,(anonymous_2)
FN:80,(anonymous_3)
FN:121,(anonymous_4)
FNF:5
FNH:0
FNDA:0,(anonymous_0)
FNDA:0,(anonymous_1)
FNDA:0,(anonymous_2)
FNDA:0,(anonymous_3)
FNDA:0,(anonymous_4)
DA:1,1
DA:3,1
DA:4,0
DA:5,0
DA:13,0
DA:15,0
DA:16,0
DA:20,1
DA:21,0
DA:22,0
DA:23,0
DA:32,0
DA:33,0
DA:35,0
DA:37,0
DA:38,0
DA:42,1
DA:43,0
DA:44,0
DA:46,0
DA:47,0
DA:50,0
DA:51,0
DA:52,0
DA:53,0
DA:56,0
DA:61,0
DA:70,0
DA:72,0
DA:73,0
DA:74,0
DA:76,0
DA:80,1
DA:81,0
DA:82,0
DA:83,0
DA:85,0
DA:86,0
DA:87,0
DA:90,0
DA:91,0
DA:92,0
DA:95,0
DA:96,0
DA:97,0
DA:98,0
DA:100,0
DA:105,0
DA:114,0
DA:116,0
DA:117,0
DA:121,1
DA:122,0
DA:123,0
DA:125,0
DA:126,0
DA:127,0
DA:130,0
DA:132,0
DA:133,0
DA:136,0
DA:138,0
DA:139,0
DA:140,0
DA:142,0
LF:65
LH:6
BRDA:32,0,0,0
BRDA:32,0,1,0
BRDA:46,1,0,0
BRDA:46,1,1,0
BRDA:46,2,0,0
BRDA:46,2,1,0
BRDA:51,3,0,0
BRDA:51,3,1,0
BRDA:52,4,0,0
BRDA:52,4,1,0
BRDA:58,5,0,0
BRDA:58,5,1,0
BRDA:58,6,0,0
BRDA:58,6,1,0
BRDA:73,7,0,0
BRDA:73,7,1,0
BRDA:86,8,0,0
BRDA:86,8,1,0
BRDA:91,9,0,0
BRDA:91,9,1,0
BRDA:91,10,0,0
BRDA:91,10,1,0
BRDA:95,11,0,0
BRDA:95,11,1,0
BRDA:96,12,0,0
BRDA:96,12,1,0
BRDA:97,13,0,0
BRDA:97,13,1,0
BRDA:97,14,0,0
BRDA:97,14,1,0
BRDA:98,15,0,0
BRDA:98,15,1,0
BRDA:98,16,0,0
BRDA:98,16,1,0
BRDA:126,17,0,0
BRDA:126,17,1,0
BRDA:132,18,0,0
BRDA:132,18,1,0
BRDA:139,19,0,0
BRDA:139,19,1,0
BRF:40
BRH:0
end_of_record
TN:
SF:controllers/servicesController.js
FN:4,sendValidationErrors
FN:9,(anonymous_1)
FN:15,(anonymous_2)
FN:27,(anonymous_3)
FN:65,(anonymous_4)
FN:124,(anonymous_5)
FNF:6
FNH:0
FNDA:0,sendValidationErrors
FNDA:0,(anonymous_1)
FNDA:0,(anonymous_2)
FNDA:0,(anonymous_3)
FNDA:0,(anonymous_4)
FNDA:0,(anonymous_5)
DA:1,1
DA:2,1
DA:5,0
DA:6,0
DA:7,0
DA:9,0
DA:12,0
DA:15,1
DA:16,0
DA:17,0
DA:20,0
DA:22,0
DA:23,0
DA:27,1
DA:28,0
DA:29,0
DA:31,0
DA:40,0
DA:43,0
DA:44,0
DA:45,0
DA:48,0
DA:55,0
DA:60,0
DA:61,0
DA:65,1
DA:66,0
DA:67,0
DA:69,0
DA:70,0
DA:73,0
DA:74,0
DA:75,0
DA:78,0
DA:89,0
DA:90,0
DA:92,0
DA:93,0
DA:94,0
DA:95,0
DA:99,0
DA:100,0
DA:104,0
DA:105,0
DA:109,0
DA:110,0
DA:114,0
DA:115,0
DA:117,0
DA:119,0
DA:120,0
DA:124,1
DA:125,0
DA:126,0
DA:128,0
DA:129,0
DA:131,0
DA:132,0
DA:133,0
DA:137,0
DA:139,0
DA:141,0
DA:142,0
LF:63
LH:6
BRDA:6,0,0,0
BRDA:6,0,1,0
BRDA:29,1,0,0
BRDA:29,1,1,0
BRDA:35,2,0,0
BRDA:36,3,0,0
BRDA:37,4,0,0
BRDA:38,5,0,0
BRDA:39,6,0,0
BRDA:44,7,0,0
BRDA:44,7,1,0
BRDA:67,8,0,0
BRDA:67,8,1,0
BRDA:74,9,0,0
BRDA:74,9,1,0
BRDA:93,10,0,0
BRDA:93,10,1,0
BRDA:99,11,0,0
BRDA:99,11,1,0
BRDA:104,12,0,0
BRDA:104,12,1,0
BRDA:109,13,0,0
BRDA:109,13,1,0
BRDA:126,14,0,0
BRDA:126,14,1,0
BRDA:132,15,0,0
BRDA:132,15,1,0
BRF:27
BRH:0
end_of_record
TN:
SF:middleware/requestLogger.js
FN:5,(anonymous_0)
FNF:1
FNH:1
FNDA:2,(anonymous_0)
DA:1,1
DA:2,1
DA:4,1
DA:6,2
DA:10,1
DA:15,1
LF:6
LH:6
BRF:0
BRH:0
end_of_record
TN:
SF:middleware/requireAdmin.js
FN:6,requireAdmin
FNF:1
FNH:1
FNDA:30,requireAdmin
DA:7,30
DA:8,30
DA:9,3
DA:13,27
DA:18,27
DA:19,14
DA:22,4
LF:7
LH:7
BRDA:8,0,0,3
BRDA:8,0,1,27
BRDA:13,1,0,27
BRDA:13,1,1,15
BRDA:13,2,0,27
BRDA:13,2,1,15
BRDA:14,3,0,5
BRDA:14,3,1,10
BRDA:14,4,0,15
BRDA:14,4,1,10
BRDA:18,5,0,13
BRDA:18,5,1,14
BRF:12
BRH:12
end_of_record
TN:
SF:middleware/validateinput.js
FN:8,(anonymous_0)
FN:16,(anonymous_1)
FNF:2
FNH:2
FNDA:7,(anonymous_0)
FNDA:2,(anonymous_1)
DA:2,1
DA:3,1
DA:6,1
DA:9,7
DA:10,7
DA:12,0
DA:17,2
DA:18,2
DA:19,0
DA:21,2
DA:25,1
LF:11
LH:9
BRDA:9,0,0,7
BRDA:9,0,1,0
BRDA:18,1,0,0
BRDA:18,1,1,2
BRF:4
BRH:2
end_of_record
TN:
SF:routes/adminLogin.js
FN:9,(anonymous_0)
FN:23,(anonymous_1)
FN:36,(anonymous_2)
FN:55,(anonymous_3)
FN:56,(anonymous_4)
FNF:5
FNH:2
FNDA:9,(anonymous_0)
FNDA:0,(anonymous_1)
FNDA:19,(anonymous_2)
FNDA:0,(anonymous_3)
FNDA:0,(anonymous_4)
DA:1,9
DA:2,9
DA:3,9
DA:4,9
DA:6,9
DA:7,9
DA:9,9
DA:10,9
DA:11,5
DA:15,9
DA:23,9
DA:24,0
DA:25,0
DA:26,0
DA:27,0
DA:29,0
DA:30,0
DA:32,0
DA:36,9
DA:37,19
DA:38,19
DA:40,0
DA:41,0
DA:42,0
DA:44,0
DA:45,0
DA:46,0
DA:47,0
DA:49,0
DA:51,0
DA:55,9
DA:56,9
DA:58,9
LF:33
LH:17
BRDA:10,0,0,5
BRDA:10,0,1,4
BRDA:25,1,0,0
BRDA:25,1,1,0
BRDA:26,2,0,0
BRDA:26,2,1,0
BRDA:37,3,0,19
BRDA:37,3,1,0
BRDA:40,4,0,0
BRDA:40,4,1,0
BRDA:41,5,0,0
BRDA:41,5,1,0
BRDA:46,6,0,0
BRDA:46,6,1,0
BRF:14
BRH:3
end_of_record
TN:
SF:routes/analytics.js
FNF:0
FNH:0
DA:2,3
DA:3,3
DA:4,3
DA:6,3
DA:12,3
DA:14,3
LF:6
LH:6
BRF:0
BRH:0
end_of_record
TN:
SF:routes/analyticsSummary.js
FN:6,requireAdmin
FNF:1
FNH:1
FNDA:12,requireAdmin
DA:1,2
DA:2,2
DA:4,2
DA:7,12
DA:8,12
DA:9,1
DA:12,11
DA:16,11
DA:17,2
DA:20,2
DA:22,2
LF:11
LH:11
BRDA:8,0,0,1
BRDA:8,0,1,11
BRDA:12,1,0,11
BRDA:12,1,1,1
BRDA:12,2,0,11
BRDA:12,2,1,1
BRDA:13,3,0,0
BRDA:13,3,1,1
BRDA:13,4,0,1
BRDA:13,4,1,1
BRDA:16,5,0,9
BRDA:16,5,1,2
BRF:12
BRH:11
end_of_record
TN:
SF:routes/appointments.js
FNF:0
FNH:0
DA:1,3
DA:2,3
DA:3,3
DA:6,3
DA:9,3
DA:12,3
DA:15,3
DA:18,3
DA:21,3
DA:23,3
LF:10
LH:10
BRF:0
BRH:0
end_of_record
TN:
SF:routes/feedback.js
FNF:0
FNH:0
DA:1,1
DA:2,1
DA:4,1
DA:10,1
DA:16,1
DA:18,1
LF:6
LH:6
BRF:0
BRH:0
end_of_record
TN:
SF:routes/gallery.js
FN:24,(anonymous_0)
FN:52,generateS3Key
FN:63,requireAdmin
FN:84,(anonymous_3)
FN:85,(anonymous_4)
FN:112,(anonymous_5)
FN:167,(anonymous_6)
FN:168,(anonymous_7)
FN:195,(anonymous_8)
FN:250,(anonymous_9)
FN:283,(anonymous_10)
FNF:11
FNH:11
FNDA:15,(anonymous_0)
FNDA:11,generateS3Key
FNDA:13,requireAdmin
FNDA:9,(anonymous_3)
FNDA:9,(anonymous_4)
FNDA:7,(anonymous_5)
FNDA:6,(anonymous_6)
FNDA:6,(anonymous_7)
FNDA:4,(anonymous_8)
FNDA:4,(anonymous_9)
FNDA:4,(anonymous_10)
DA:1,2
DA:2,2
DA:3,2
DA:4,2
DA:5,2
DA:6,2
DA:8,2
DA:10,2
DA:11,2
DA:12,2
DA:13,2
DA:15,2
DA:21,2
DA:25,15
DA:26,2
DA:32,13
DA:33,13
DA:34,0
DA:40,13
DA:41,13
DA:42,0
DA:48,13
DA:53,11
DA:54,11
DA:55,11
DA:56,11
DA:60,11
DA:64,13
DA:65,13
DA:66,0
DA:70,13
DA:75,13
DA:77,3
DA:84,2
DA:85,9
DA:86,9
DA:87,2
DA:88,1
DA:93,1
DA:94,0
DA:99,1
DA:100,0
DA:105,1
DA:110,7
DA:113,7
DA:114,1
DA:117,6
DA:118,6
DA:120,6
DA:121,8
DA:122,8
DA:124,8
DA:125,8
DA:135,6
DA:141,6
DA:147,2
DA:148,2
DA:152,6
DA:153,1
DA:159,5
DA:160,5
DA:167,2
DA:168,6
DA:169,6
DA:170,2
DA:171,1
DA:176,1
DA:177,0
DA:182,1
DA:183,0
DA:188,1
DA:193,4
DA:196,4
DA:197,1
DA:200,3
DA:201,3
DA:203,3
DA:204,3
DA:205,3
DA:207,3
DA:208,3
DA:218,2
DA:224,2
DA:230,1
DA:231,1
DA:235,3
DA:236,1
DA:242,2
DA:243,2
DA:250,2
DA:251,4
DA:252,4
DA:257,4
DA:258,1
DA:261,3
DA:263,3
DA:270,2
DA:272,2
DA:274,1
DA:275,1
DA:283,2
DA:284,4
DA:285,4
DA:291,3
DA:293,1
DA:294,1
DA:298,2
LF:107
LH:100
BRDA:25,0,0,2
BRDA:25,0,1,13
BRDA:33,1,0,0
BRDA:33,1,1,13
BRDA:41,2,0,0
BRDA:41,2,1,13
BRDA:65,3,0,0
BRDA:65,3,1,13
BRDA:70,4,0,13
BRDA:70,4,1,2
BRDA:70,5,0,13
BRDA:70,5,1,2
BRDA:71,6,0,0
BRDA:71,6,1,2
BRDA:71,7,0,2
BRDA:71,7,1,2
BRDA:75,8,0,10
BRDA:75,8,1,3
BRDA:86,9,0,2
BRDA:86,9,1,7
BRDA:87,10,0,1
BRDA:87,10,1,1
BRDA:93,11,0,0
BRDA:93,11,1,1
BRDA:99,12,0,0
BRDA:99,12,1,1
BRDA:113,13,0,1
BRDA:113,13,1,6
BRDA:113,14,0,7
BRDA:113,14,1,6
BRDA:122,15,0,8
BRDA:122,15,1,0
BRDA:152,16,0,1
BRDA:152,16,1,5
BRDA:159,17,0,1
BRDA:159,17,1,4
BRDA:169,18,0,2
BRDA:169,18,1,4
BRDA:170,19,0,1
BRDA:170,19,1,1
BRDA:176,20,0,0
BRDA:176,20,1,1
BRDA:182,21,0,0
BRDA:182,21,1,1
BRDA:196,22,0,1
BRDA:196,22,1,3
BRDA:196,23,0,4
BRDA:196,23,1,3
BRDA:205,24,0,3
BRDA:205,24,1,0
BRDA:235,25,0,1
BRDA:235,25,1,2
BRDA:242,26,0,0
BRDA:242,26,1,2
BRDA:257,27,0,1
BRDA:257,27,1,3
BRDA:257,28,0,4
BRDA:257,28,1,4
BRF:58
BRH:47
end_of_record
TN:
SF:routes/leads.js
FN:10,normStr
FN:13,normLower
FN:16,normalizeLead
FN:30,computeDedupeHash
FN:50,(anonymous_4)
FN:152,(anonymous_5)
FN:188,(anonymous_6)
FNF:7
FNH:5
FNDA:18,normStr
FNDA:2,normLower
FNDA:2,normalizeLead
FNDA:0,computeDedupeHash
FNDA:2,(anonymous_4)
FNDA:2,(anonymous_5)
FNDA:0,(anonymous_6)
DA:2,2
DA:3,2
DA:4,2
DA:5,2
DA:7,2
DA:11,18
DA:14,2
DA:17,2
DA:18,2
DA:32,0
DA:43,0
DA:50,2
DA:51,2
DA:52,2
DA:53,2
DA:56,2
DA:58,2
DA:59,1
DA:60,1
DA:61,1
DA:62,0
DA:63,0
DA:66,2
DA:67,0
DA:70,2
DA:71,0
DA:74,2
DA:75,0
DA:78,2
DA:79,0
DA:82,2
DA:83,0
DA:86,2
DA:87,0
DA:90,2
DA:91,0
DA:94,2
DA:95,0
DA:99,2
DA:100,0
DA:103,2
DA:104,2
DA:110,0
DA:112,0
DA:119,0
DA:131,0
DA:133,0
DA:134,0
DA:140,0
DA:142,0
DA:143,0
DA:152,2
DA:153,2
DA:154,2
DA:155,2
DA:156,2
DA:158,2
DA:159,2
DA:161,2
DA:162,0
DA:163,0
DA:166,2
DA:168,2
DA:176,2
DA:177,2
DA:179,0
DA:180,0
DA:188,2
DA:189,0
DA:190,0
DA:191,0
DA:192,0
DA:195,0
DA:200,0
DA:201,0
DA:204,0
DA:206,0
DA:207,0
DA:211,2
LF:79
LH:43
BRDA:11,0,0,18
BRDA:11,0,1,10
BRDA:19,1,0,2
BRDA:19,1,1,2
BRDA:20,2,0,2
BRDA:20,2,1,2
BRDA:21,3,0,2
BRDA:21,3,1,0
BRDA:22,4,0,2
BRDA:22,4,1,1
BRDA:24,5,0,2
BRDA:24,5,1,0
BRDA:25,6,0,2
BRDA:25,6,1,2
BRDA:26,7,0,2
BRDA:26,7,1,0
BRDA:27,8,0,2
BRDA:27,8,1,2
BRDA:58,9,0,1
BRDA:58,9,1,1
BRDA:60,10,0,1
BRDA:60,10,1,0
BRDA:62,11,0,0
BRDA:62,11,1,0
BRDA:66,12,0,0
BRDA:66,12,1,2
BRDA:66,13,0,2
BRDA:66,13,1,2
BRDA:70,14,0,0
BRDA:70,14,1,2
BRDA:70,15,0,2
BRDA:70,15,1,0
BRDA:74,16,0,0
BRDA:74,16,1,2
BRDA:74,17,0,2
BRDA:74,17,1,0
BRDA:78,18,0,0
BRDA:78,18,1,2
BRDA:78,19,0,2
BRDA:78,19,1,0
BRDA:82,20,0,0
BRDA:82,20,1,2
BRDA:82,21,0,2
BRDA:82,21,1,0
BRDA:86,22,0,0
BRDA:86,22,1,2
BRDA:86,23,0,2
BRDA:86,23,1,0
BRDA:90,24,0,0
BRDA:90,24,1,2
BRDA:90,25,0,2
BRDA:90,25,1,2
BRDA:94,26,0,0
BRDA:94,26,1,2
BRDA:99,27,0,0
BRDA:99,27,1,2
BRDA:99,28,0,2
BRDA:99,28,1,0
BRDA:99,28,2,0
BRDA:103,29,0,2
BRDA:103,29,1,0
BRDA:124,30,0,0
BRDA:124,30,1,0
BRDA:126,31,0,0
BRDA:126,31,1,0
BRDA:127,32,0,0
BRDA:127,32,1,0
BRDA:133,33,0,0
BRDA:133,33,1,0
BRDA:133,34,0,0
BRDA:133,34,1,0
BRDA:154,35,0,2
BRDA:154,35,1,2
BRDA:155,36,0,2
BRDA:155,36,1,2
BRDA:156,37,0,2
BRDA:156,37,1,2
BRDA:161,38,0,0
BRDA:161,38,1,2
BRDA:171,39,0,0
BRDA:171,39,1,2
BRDA:191,40,0,0
BRDA:191,40,1,0
BRDA:191,41,0,0
BRDA:191,41,1,0
BRDA:200,42,0,0
BRDA:200,42,1,0
BRDA:200,43,0,0
BRDA:200,43,1,0
BRF:89
BRH:46
end_of_record
TN:
SF:routes/projects.js
FNF:0
FNH:0
DA:1,1
DA:2,1
DA:3,1
DA:5,1
DA:6,1
DA:7,1
DA:8,1
DA:9,1
DA:11,1
LF:9
LH:9
BRF:0
BRH:0
end_of_record
TN:
SF:routes/sentryTest.js
FN:4,(anonymous_0)
FN:8,(anonymous_1)
FNF:2
FNH:0
FNDA:0,(anonymous_0)
FNDA:0,(anonymous_1)
DA:1,1
DA:2,1
DA:4,1
DA:5,0
DA:8,1
DA:9,0
DA:12,1
LF:7
LH:5
BRF:0
BRH:0
end_of_record
TN:
SF:routes/services.js
FNF:0
FNH:0
DA:1,1
DA:2,1
DA:3,1
DA:5,1
DA:8,1
DA:11,1
DA:25,1
DA:40,1
DA:46,1
LF:9
LH:9
BRF:0
BRH:0
end_of_record
TN:
SF:utils/helpers.js
FN:3,sanitizeInput
FN:9,isValidEmail
FN:15,formatDate
FNF:3
FNH:3
FNDA:7,sanitizeInput
FNDA:9,isValidEmail
FNDA:6,formatDate
DA:1,1
DA:4,7
DA:5,5
DA:6,3
DA:10,9
DA:11,6
DA:12,6
DA:16,6
DA:17,6
DA:18,4
DA:21,1
LF:11
LH:11
BRDA:4,0,0,2
BRDA:4,0,1,5
BRDA:4,1,0,7
BRDA:4,1,1,6
BRDA:5,2,0,2
BRDA:5,2,1,3
BRDA:10,3,0,3
BRDA:10,3,1,6
BRDA:10,4,0,9
BRDA:10,4,1,6
BRDA:17,5,0,2
BRDA:17,5,1,4
BRF:12
BRH:12
end_of_record
